[2018-08-23 00:08:01] local.INFO: User Logged Out: Kurt Nguyen  
[2018-08-23 00:08:04] local.INFO: User Logged In: Kurt Nguyen  
[2018-08-23 00:13:42] local.ERROR: Symfony\Component\Debug\Exception\FatalThrowableError: Parse error: syntax error, unexpected '}', expecting identifier (T_STRING) or variable (T_VARIABLE) or '{' or '$' in /Applications/XAMPP/xamppfiles/htdocs/TULUPRO/app/Http/Controllers/Backend/Access/User/UserController.php:94
Stack trace:
#0 /Applications/XAMPP/xamppfiles/htdocs/TULUPRO/vendor/composer/ClassLoader.php(322): Composer\Autoload\includeFile('/Applications/X...')
#1 [internal function]: Composer\Autoload\ClassLoader->loadClass('App\\Http\\Contro...')
#2 [internal function]: spl_autoload_call('App\\Http\\Contro...')
#3 /Applications/XAMPP/xamppfiles/htdocs/TULUPRO/vendor/laravel/framework/src/Illuminate/Container/Container.php(729): ReflectionClass->__construct('App\\Http\\Contro...')
#4 /Applications/XAMPP/xamppfiles/htdocs/TULUPRO/vendor/laravel/framework/src/Illuminate/Container/Container.php(608): Illuminate\Container\Container->build('App\\Http\\Contro...')
#5 /Applications/XAMPP/xamppfiles/htdocs/TULUPRO/vendor/laravel/framework/src/Illuminate/Container/Container.php(575): Illuminate\Container\Container->resolve('App\\Http\\Contro...')
#6 /Applications/XAMPP/xamppfiles/htdocs/TULUPRO/vendor/laravel/framework/src/Illuminate/Foundation/Application.php(728): Illuminate\Container\Container->make('App\\Http\\Contro...')
#7 /Applications/XAMPP/xamppfiles/htdocs/TULUPRO/vendor/laravel/framework/src/Illuminate/Routing/Route.php(217): Illuminate\Foundation\Application->make('App\\Http\\Contro...')
#8 /Applications/XAMPP/xamppfiles/htdocs/TULUPRO/vendor/laravel/framework/src/Illuminate/Routing/Route.php(747): Illuminate\Routing\Route->getController()
#9 /Applications/XAMPP/xamppfiles/htdocs/TULUPRO/vendor/laravel/framework/src/Illuminate/Routing/Route.php(708): Illuminate\Routing\Route->controllerMiddleware()
#10 /Applications/XAMPP/xamppfiles/htdocs/TULUPRO/vendor/laravel/framework/src/Illuminate/Routing/Router.php(585): Illuminate\Routing\Route->gatherMiddleware()
#11 /Applications/XAMPP/xamppfiles/htdocs/TULUPRO/vendor/laravel/framework/src/Illuminate/Routing/Router.php(565): Illuminate\Routing\Router->gatherRouteMiddleware(Object(Illuminate\Routing\Route))
#12 /Applications/XAMPP/xamppfiles/htdocs/TULUPRO/vendor/laravel/framework/src/Illuminate/Routing/Router.php(533): Illuminate\Routing\Router->runRouteWithinStack(Object(Illuminate\Routing\Route), Object(Illuminate\Http\Request))
#13 /Applications/XAMPP/xamppfiles/htdocs/TULUPRO/vendor/laravel/framework/src/Illuminate/Routing/Router.php(511): Illuminate\Routing\Router->dispatchToRoute(Object(Illuminate\Http\Request))
#14 /Applications/XAMPP/xamppfiles/htdocs/TULUPRO/vendor/laravel/framework/src/Illuminate/Foundation/Http/Kernel.php(176): Illuminate\Routing\Router->dispatch(Object(Illuminate\Http\Request))
#15 /Applications/XAMPP/xamppfiles/htdocs/TULUPRO/vendor/laravel/framework/src/Illuminate/Routing/Pipeline.php(30): Illuminate\Foundation\Http\Kernel->Illuminate\Foundation\Http\{closure}(Object(Illuminate\Http\Request))
#16 /Applications/XAMPP/xamppfiles/htdocs/TULUPRO/vendor/barryvdh/laravel-debugbar/src/Middleware/Debugbar.php(51): Illuminate\Routing\Pipeline->Illuminate\Routing\{closure}(Object(Illuminate\Http\Request))
#17 /Applications/XAMPP/xamppfiles/htdocs/TULUPRO/vendor/laravel/framework/src/Illuminate/Pipeline/Pipeline.php(148): Barryvdh\Debugbar\Middleware\Debugbar->handle(Object(Illuminate\Http\Request), Object(Closure))
#18 /Applications/XAMPP/xamppfiles/htdocs/TULUPRO/vendor/laravel/framework/src/Illuminate/Routing/Pipeline.php(53): Illuminate\Pipeline\Pipeline->Illuminate\Pipeline\{closure}(Object(Illuminate\Http\Request))
#19 /Applications/XAMPP/xamppfiles/htdocs/TULUPRO/vendor/laravel/framework/src/Illuminate/Foundation/Http/Middleware/TransformsRequest.php(30): Illuminate\Routing\Pipeline->Illuminate\Routing\{closure}(Object(Illuminate\Http\Request))
#20 /Applications/XAMPP/xamppfiles/htdocs/TULUPRO/vendor/laravel/framework/src/Illuminate/Pipeline/Pipeline.php(148): Illuminate\Foundation\Http\Middleware\TransformsRequest->handle(Object(Illuminate\Http\Request), Object(Closure))
#21 /Applications/XAMPP/xamppfiles/htdocs/TULUPRO/vendor/laravel/framework/src/Illuminate/Routing/Pipeline.php(53): Illuminate\Pipeline\Pipeline->Illuminate\Pipeline\{closure}(Object(Illuminate\Http\Request))
#22 /Applications/XAMPP/xamppfiles/htdocs/TULUPRO/vendor/laravel/framework/src/Illuminate/Foundation/Http/Middleware/TransformsRequest.php(30): Illuminate\Routing\Pipeline->Illuminate\Routing\{closure}(Object(Illuminate\Http\Request))
#23 /Applications/XAMPP/xamppfiles/htdocs/TULUPRO/vendor/laravel/framework/src/Illuminate/Pipeline/Pipeline.php(148): Illuminate\Foundation\Http\Middleware\TransformsRequest->handle(Object(Illuminate\Http\Request), Object(Closure))
#24 /Applications/XAMPP/xamppfiles/htdocs/TULUPRO/vendor/laravel/framework/src/Illuminate/Routing/Pipeline.php(53): Illuminate\Pipeline\Pipeline->Illuminate\Pipeline\{closure}(Object(Illuminate\Http\Request))
#25 /Applications/XAMPP/xamppfiles/htdocs/TULUPRO/vendor/laravel/framework/src/Illuminate/Foundation/Http/Middleware/ValidatePostSize.php(27): Illuminate\Routing\Pipeline->Illuminate\Routing\{closure}(Object(Illuminate\Http\Request))
#26 /Applications/XAMPP/xamppfiles/htdocs/TULUPRO/vendor/laravel/framework/src/Illuminate/Pipeline/Pipeline.php(148): Illuminate\Foundation\Http\Middleware\ValidatePostSize->handle(Object(Illuminate\Http\Request), Object(Closure))
#27 /Applications/XAMPP/xamppfiles/htdocs/TULUPRO/vendor/laravel/framework/src/Illuminate/Routing/Pipeline.php(53): Illuminate\Pipeline\Pipeline->Illuminate\Pipeline\{closure}(Object(Illuminate\Http\Request))
#28 /Applications/XAMPP/xamppfiles/htdocs/TULUPRO/vendor/laravel/framework/src/Illuminate/Foundation/Http/Middleware/CheckForMaintenanceMode.php(46): Illuminate\Routing\Pipeline->Illuminate\Routing\{closure}(Object(Illuminate\Http\Request))
#29 /Applications/XAMPP/xamppfiles/htdocs/TULUPRO/vendor/laravel/framework/src/Illuminate/Pipeline/Pipeline.php(148): Illuminate\Foundation\Http\Middleware\CheckForMaintenanceMode->handle(Object(Illuminate\Http\Request), Object(Closure))
#30 /Applications/XAMPP/xamppfiles/htdocs/TULUPRO/vendor/laravel/framework/src/Illuminate/Routing/Pipeline.php(53): Illuminate\Pipeline\Pipeline->Illuminate\Pipeline\{closure}(Object(Illuminate\Http\Request))
#31 /Applications/XAMPP/xamppfiles/htdocs/TULUPRO/vendor/laravel/framework/src/Illuminate/Pipeline/Pipeline.php(102): Illuminate\Routing\Pipeline->Illuminate\Routing\{closure}(Object(Illuminate\Http\Request))
#32 /Applications/XAMPP/xamppfiles/htdocs/TULUPRO/vendor/laravel/framework/src/Illuminate/Foundation/Http/Kernel.php(151): Illuminate\Pipeline\Pipeline->then(Object(Closure))
#33 /Applications/XAMPP/xamppfiles/htdocs/TULUPRO/vendor/laravel/framework/src/Illuminate/Foundation/Http/Kernel.php(116): Illuminate\Foundation\Http\Kernel->sendRequestThroughRouter(Object(Illuminate\Http\Request))
#34 /Applications/XAMPP/xamppfiles/htdocs/TULUPRO/public/index.php(52): Illuminate\Foundation\Http\Kernel->handle(Object(Illuminate\Http\Request))
#35 /Applications/XAMPP/xamppfiles/htdocs/TULUPRO/server.php(19): require_once('/Applications/X...')
#36 {main}  
[2018-08-23 00:13:42] local.ERROR: Symfony\Component\Debug\Exception\FatalThrowableError: Parse error: syntax error, unexpected '}', expecting identifier (T_STRING) or variable (T_VARIABLE) or '{' or '$' in /Applications/XAMPP/xamppfiles/htdocs/TULUPRO/app/Http/Controllers/Backend/Access/User/UserController.php:94
Stack trace:
#0 /Applications/XAMPP/xamppfiles/htdocs/TULUPRO/vendor/composer/ClassLoader.php(322): Composer\Autoload\includeFile('/Applications/X...')
#1 [internal function]: Composer\Autoload\ClassLoader->loadClass('App\\Http\\Contro...')
#2 [internal function]: spl_autoload_call('App\\Http\\Contro...')
#3 /Applications/XAMPP/xamppfiles/htdocs/TULUPRO/vendor/barryvdh/laravel-debugbar/src/DataCollector/IlluminateRouteCollector.php(63): class_exists('App\\Http\\Contro...')
#4 /Applications/XAMPP/xamppfiles/htdocs/TULUPRO/vendor/barryvdh/laravel-debugbar/src/DataCollector/IlluminateRouteCollector.php(37): Barryvdh\Debugbar\DataCollector\IlluminateRouteCollector->getRouteInformation(Object(Illuminate\Routing\Route))
#5 /Applications/XAMPP/xamppfiles/htdocs/TULUPRO/vendor/barryvdh/laravel-debugbar/src/LaravelDebugbar.php(769): Barryvdh\Debugbar\DataCollector\IlluminateRouteCollector->collect()
#6 /Applications/XAMPP/xamppfiles/htdocs/TULUPRO/vendor/maximebf/debugbar/src/DebugBar/DebugBar.php(246): Barryvdh\Debugbar\LaravelDebugbar->collect()
#7 /Applications/XAMPP/xamppfiles/htdocs/TULUPRO/vendor/maximebf/debugbar/src/DebugBar/JavascriptRenderer.php(872): DebugBar\DebugBar->getData()
#8 /Applications/XAMPP/xamppfiles/htdocs/TULUPRO/vendor/barryvdh/laravel-debugbar/src/LaravelDebugbar.php(805): DebugBar\JavascriptRenderer->render()
#9 /Applications/XAMPP/xamppfiles/htdocs/TULUPRO/vendor/barryvdh/laravel-debugbar/src/LaravelDebugbar.php(697): Barryvdh\Debugbar\LaravelDebugbar->injectDebugbar(Object(Illuminate\Http\Response))
#10 /Applications/XAMPP/xamppfiles/htdocs/TULUPRO/vendor/barryvdh/laravel-debugbar/src/Middleware/Debugbar.php(60): Barryvdh\Debugbar\LaravelDebugbar->modifyResponse(Object(Illuminate\Http\Request), Object(Illuminate\Http\Response))
#11 /Applications/XAMPP/xamppfiles/htdocs/TULUPRO/vendor/laravel/framework/src/Illuminate/Pipeline/Pipeline.php(148): Barryvdh\Debugbar\Middleware\Debugbar->handle(Object(Illuminate\Http\Request), Object(Closure))
#12 /Applications/XAMPP/xamppfiles/htdocs/TULUPRO/vendor/laravel/framework/src/Illuminate/Routing/Pipeline.php(53): Illuminate\Pipeline\Pipeline->Illuminate\Pipeline\{closure}(Object(Illuminate\Http\Request))
#13 /Applications/XAMPP/xamppfiles/htdocs/TULUPRO/vendor/laravel/framework/src/Illuminate/Foundation/Http/Middleware/TransformsRequest.php(30): Illuminate\Routing\Pipeline->Illuminate\Routing\{closure}(Object(Illuminate\Http\Request))
#14 /Applications/XAMPP/xamppfiles/htdocs/TULUPRO/vendor/laravel/framework/src/Illuminate/Pipeline/Pipeline.php(148): Illuminate\Foundation\Http\Middleware\TransformsRequest->handle(Object(Illuminate\Http\Request), Object(Closure))
#15 /Applications/XAMPP/xamppfiles/htdocs/TULUPRO/vendor/laravel/framework/src/Illuminate/Routing/Pipeline.php(53): Illuminate\Pipeline\Pipeline->Illuminate\Pipeline\{closure}(Object(Illuminate\Http\Request))
#16 /Applications/XAMPP/xamppfiles/htdocs/TULUPRO/vendor/laravel/framework/src/Illuminate/Foundation/Http/Middleware/TransformsRequest.php(30): Illuminate\Routing\Pipeline->Illuminate\Routing\{closure}(Object(Illuminate\Http\Request))
#17 /Applications/XAMPP/xamppfiles/htdocs/TULUPRO/vendor/laravel/framework/src/Illuminate/Pipeline/Pipeline.php(148): Illuminate\Foundation\Http\Middleware\TransformsRequest->handle(Object(Illuminate\Http\Request), Object(Closure))
#18 /Applications/XAMPP/xamppfiles/htdocs/TULUPRO/vendor/laravel/framework/src/Illuminate/Routing/Pipeline.php(53): Illuminate\Pipeline\Pipeline->Illuminate\Pipeline\{closure}(Object(Illuminate\Http\Request))
#19 /Applications/XAMPP/xamppfiles/htdocs/TULUPRO/vendor/laravel/framework/src/Illuminate/Foundation/Http/Middleware/ValidatePostSize.php(27): Illuminate\Routing\Pipeline->Illuminate\Routing\{closure}(Object(Illuminate\Http\Request))
#20 /Applications/XAMPP/xamppfiles/htdocs/TULUPRO/vendor/laravel/framework/src/Illuminate/Pipeline/Pipeline.php(148): Illuminate\Foundation\Http\Middleware\ValidatePostSize->handle(Object(Illuminate\Http\Request), Object(Closure))
#21 /Applications/XAMPP/xamppfiles/htdocs/TULUPRO/vendor/laravel/framework/src/Illuminate/Routing/Pipeline.php(53): Illuminate\Pipeline\Pipeline->Illuminate\Pipeline\{closure}(Object(Illuminate\Http\Request))
#22 /Applications/XAMPP/xamppfiles/htdocs/TULUPRO/vendor/laravel/framework/src/Illuminate/Foundation/Http/Middleware/CheckForMaintenanceMode.php(46): Illuminate\Routing\Pipeline->Illuminate\Routing\{closure}(Object(Illuminate\Http\Request))
#23 /Applications/XAMPP/xamppfiles/htdocs/TULUPRO/vendor/laravel/framework/src/Illuminate/Pipeline/Pipeline.php(148): Illuminate\Foundation\Http\Middleware\CheckForMaintenanceMode->handle(Object(Illuminate\Http\Request), Object(Closure))
#24 /Applications/XAMPP/xamppfiles/htdocs/TULUPRO/vendor/laravel/framework/src/Illuminate/Routing/Pipeline.php(53): Illuminate\Pipeline\Pipeline->Illuminate\Pipeline\{closure}(Object(Illuminate\Http\Request))
#25 /Applications/XAMPP/xamppfiles/htdocs/TULUPRO/vendor/laravel/framework/src/Illuminate/Pipeline/Pipeline.php(102): Illuminate\Routing\Pipeline->Illuminate\Routing\{closure}(Object(Illuminate\Http\Request))
#26 /Applications/XAMPP/xamppfiles/htdocs/TULUPRO/vendor/laravel/framework/src/Illuminate/Foundation/Http/Kernel.php(151): Illuminate\Pipeline\Pipeline->then(Object(Closure))
#27 /Applications/XAMPP/xamppfiles/htdocs/TULUPRO/vendor/laravel/framework/src/Illuminate/Foundation/Http/Kernel.php(116): Illuminate\Foundation\Http\Kernel->sendRequestThroughRouter(Object(Illuminate\Http\Request))
#28 /Applications/XAMPP/xamppfiles/htdocs/TULUPRO/public/index.php(52): Illuminate\Foundation\Http\Kernel->handle(Object(Illuminate\Http\Request))
#29 /Applications/XAMPP/xamppfiles/htdocs/TULUPRO/server.php(19): require_once('/Applications/X...')
#30 {main}  
[2018-08-23 00:15:53] local.ERROR: ErrorException: Undefined variable: organizations in /Applications/XAMPP/xamppfiles/htdocs/TULUPRO/storage/framework/views/0f8d38dcae4a592fb727b0cd875ca21ab1447ab0.php:59
Stack trace:
#0 /Applications/XAMPP/xamppfiles/htdocs/TULUPRO/storage/framework/views/0f8d38dcae4a592fb727b0cd875ca21ab1447ab0.php(59): Illuminate\Foundation\Bootstrap\HandleExceptions->handleError(8, 'Undefined varia...', '/Applications/X...', 59, Array)
#1 /Applications/XAMPP/xamppfiles/htdocs/TULUPRO/vendor/laravel/framework/src/Illuminate/View/Engines/PhpEngine.php(42): include('/Applications/X...')
#2 /Applications/XAMPP/xamppfiles/htdocs/TULUPRO/vendor/laravel/framework/src/Illuminate/View/Engines/CompilerEngine.php(59): Illuminate\View\Engines\PhpEngine->evaluatePath('/Applications/X...', Array)
#3 /Applications/XAMPP/xamppfiles/htdocs/TULUPRO/vendor/laravel/framework/src/Illuminate/View/View.php(137): Illuminate\View\Engines\CompilerEngine->get('/Applications/X...', Array)
#4 /Applications/XAMPP/xamppfiles/htdocs/TULUPRO/vendor/laravel/framework/src/Illuminate/View/View.php(120): Illuminate\View\View->getContents()
#5 /Applications/XAMPP/xamppfiles/htdocs/TULUPRO/vendor/laravel/framework/src/Illuminate/View/View.php(85): Illuminate\View\View->renderContents()
#6 /Applications/XAMPP/xamppfiles/htdocs/TULUPRO/vendor/laravel/framework/src/Illuminate/Http/Response.php(38): Illuminate\View\View->render()
#7 /Applications/XAMPP/xamppfiles/htdocs/TULUPRO/vendor/symfony/http-foundation/Response.php(206): Illuminate\Http\Response->setContent(Object(Illuminate\View\View))
#8 /Applications/XAMPP/xamppfiles/htdocs/TULUPRO/vendor/laravel/framework/src/Illuminate/Routing/Router.php(615): Symfony\Component\HttpFoundation\Response->__construct(Object(Illuminate\View\View))
#9 /Applications/XAMPP/xamppfiles/htdocs/TULUPRO/vendor/laravel/framework/src/Illuminate/Routing/Router.php(572): Illuminate\Routing\Router->prepareResponse(Object(Illuminate\Http\Request), Object(Illuminate\View\View))
#10 /Applications/XAMPP/xamppfiles/htdocs/TULUPRO/vendor/laravel/framework/src/Illuminate/Routing/Pipeline.php(30): Illuminate\Routing\Router->Illuminate\Routing\{closure}(Object(Illuminate\Http\Request))
#11 /Applications/XAMPP/xamppfiles/htdocs/TULUPRO/app/Http/Middleware/RouteNeedsRole.php(41): Illuminate\Routing\Pipeline->Illuminate\Routing\{closure}(Object(Illuminate\Http\Request))
#12 /Applications/XAMPP/xamppfiles/htdocs/TULUPRO/vendor/laravel/framework/src/Illuminate/Pipeline/Pipeline.php(148): App\Http\Middleware\RouteNeedsRole->handle(Object(Illuminate\Http\Request), Object(Closure), '1')
#13 /Applications/XAMPP/xamppfiles/htdocs/TULUPRO/vendor/laravel/framework/src/Illuminate/Routing/Pipeline.php(53): Illuminate\Pipeline\Pipeline->Illuminate\Pipeline\{closure}(Object(Illuminate\Http\Request))
#14 /Applications/XAMPP/xamppfiles/htdocs/TULUPRO/app/Http/Middleware/SessionTimeout.php(59): Illuminate\Routing\Pipeline->Illuminate\Routing\{closure}(Object(Illuminate\Http\Request))
#15 /Applications/XAMPP/xamppfiles/htdocs/TULUPRO/vendor/laravel/framework/src/Illuminate/Pipeline/Pipeline.php(148): App\Http\Middleware\SessionTimeout->handle(Object(Illuminate\Http\Request), Object(Closure))
#16 /Applications/XAMPP/xamppfiles/htdocs/TULUPRO/vendor/laravel/framework/src/Illuminate/Routing/Pipeline.php(53): Illuminate\Pipeline\Pipeline->Illuminate\Pipeline\{closure}(Object(Illuminate\Http\Request))
#17 /Applications/XAMPP/xamppfiles/htdocs/TULUPRO/app/Http/Middleware/RouteForAdmin.php(26): Illuminate\Routing\Pipeline->Illuminate\Routing\{closure}(Object(Illuminate\Http\Request))
#18 /Applications/XAMPP/xamppfiles/htdocs/TULUPRO/vendor/laravel/framework/src/Illuminate/Pipeline/Pipeline.php(148): App\Http\Middleware\RouteForAdmin->handle(Object(Illuminate\Http\Request), Object(Closure))
#19 /Applications/XAMPP/xamppfiles/htdocs/TULUPRO/vendor/laravel/framework/src/Illuminate/Routing/Pipeline.php(53): Illuminate\Pipeline\Pipeline->Illuminate\Pipeline\{closure}(Object(Illuminate\Http\Request))
#20 /Applications/XAMPP/xamppfiles/htdocs/TULUPRO/app/Http/Middleware/LocaleMiddleware.php(57): Illuminate\Routing\Pipeline->Illuminate\Routing\{closure}(Object(Illuminate\Http\Request))
#21 /Applications/XAMPP/xamppfiles/htdocs/TULUPRO/vendor/laravel/framework/src/Illuminate/Pipeline/Pipeline.php(148): App\Http\Middleware\LocaleMiddleware->handle(Object(Illuminate\Http\Request), Object(Closure))
#22 /Applications/XAMPP/xamppfiles/htdocs/TULUPRO/vendor/laravel/framework/src/Illuminate/Routing/Pipeline.php(53): Illuminate\Pipeline\Pipeline->Illuminate\Pipeline\{closure}(Object(Illuminate\Http\Request))
#23 /Applications/XAMPP/xamppfiles/htdocs/TULUPRO/vendor/laravel/framework/src/Illuminate/Routing/Middleware/SubstituteBindings.php(41): Illuminate\Routing\Pipeline->Illuminate\Routing\{closure}(Object(Illuminate\Http\Request))
#24 /Applications/XAMPP/xamppfiles/htdocs/TULUPRO/vendor/laravel/framework/src/Illuminate/Pipeline/Pipeline.php(148): Illuminate\Routing\Middleware\SubstituteBindings->handle(Object(Illuminate\Http\Request), Object(Closure))
#25 /Applications/XAMPP/xamppfiles/htdocs/TULUPRO/vendor/laravel/framework/src/Illuminate/Routing/Pipeline.php(53): Illuminate\Pipeline\Pipeline->Illuminate\Pipeline\{closure}(Object(Illuminate\Http\Request))
#26 /Applications/XAMPP/xamppfiles/htdocs/TULUPRO/vendor/laravel/framework/src/Illuminate/Auth/Middleware/Authenticate.php(43): Illuminate\Routing\Pipeline->Illuminate\Routing\{closure}(Object(Illuminate\Http\Request))
#27 /Applications/XAMPP/xamppfiles/htdocs/TULUPRO/vendor/laravel/framework/src/Illuminate/Pipeline/Pipeline.php(148): Illuminate\Auth\Middleware\Authenticate->handle(Object(Illuminate\Http\Request), Object(Closure))
#28 /Applications/XAMPP/xamppfiles/htdocs/TULUPRO/vendor/laravel/framework/src/Illuminate/Routing/Pipeline.php(53): Illuminate\Pipeline\Pipeline->Illuminate\Pipeline\{closure}(Object(Illuminate\Http\Request))
#29 /Applications/XAMPP/xamppfiles/htdocs/TULUPRO/vendor/laravel/framework/src/Illuminate/Foundation/Http/Middleware/VerifyCsrfToken.php(65): Illuminate\Routing\Pipeline->Illuminate\Routing\{closure}(Object(Illuminate\Http\Request))
#30 /Applications/XAMPP/xamppfiles/htdocs/TULUPRO/vendor/laravel/framework/src/Illuminate/Pipeline/Pipeline.php(148): Illuminate\Foundation\Http\Middleware\VerifyCsrfToken->handle(Object(Illuminate\Http\Request), Object(Closure))
#31 /Applications/XAMPP/xamppfiles/htdocs/TULUPRO/vendor/laravel/framework/src/Illuminate/Routing/Pipeline.php(53): Illuminate\Pipeline\Pipeline->Illuminate\Pipeline\{closure}(Object(Illuminate\Http\Request))
#32 /Applications/XAMPP/xamppfiles/htdocs/TULUPRO/vendor/laravel/framework/src/Illuminate/View/Middleware/ShareErrorsFromSession.php(49): Illuminate\Routing\Pipeline->Illuminate\Routing\{closure}(Object(Illuminate\Http\Request))
#33 /Applications/XAMPP/xamppfiles/htdocs/TULUPRO/vendor/laravel/framework/src/Illuminate/Pipeline/Pipeline.php(148): Illuminate\View\Middleware\ShareErrorsFromSession->handle(Object(Illuminate\Http\Request), Object(Closure))
#34 /Applications/XAMPP/xamppfiles/htdocs/TULUPRO/vendor/laravel/framework/src/Illuminate/Routing/Pipeline.php(53): Illuminate\Pipeline\Pipeline->Illuminate\Pipeline\{closure}(Object(Illuminate\Http\Request))
#35 /Applications/XAMPP/xamppfiles/htdocs/TULUPRO/vendor/laravel/framework/src/Illuminate/Session/Middleware/StartSession.php(64): Illuminate\Routing\Pipeline->Illuminate\Routing\{closure}(Object(Illuminate\Http\Request))
#36 /Applications/XAMPP/xamppfiles/htdocs/TULUPRO/vendor/laravel/framework/src/Illuminate/Pipeline/Pipeline.php(148): Illuminate\Session\Middleware\StartSession->handle(Object(Illuminate\Http\Request), Object(Closure))
#37 /Applications/XAMPP/xamppfiles/htdocs/TULUPRO/vendor/laravel/framework/src/Illuminate/Routing/Pipeline.php(53): Illuminate\Pipeline\Pipeline->Illuminate\Pipeline\{closure}(Object(Illuminate\Http\Request))
#38 /Applications/XAMPP/xamppfiles/htdocs/TULUPRO/vendor/laravel/framework/src/Illuminate/Cookie/Middleware/AddQueuedCookiesToResponse.php(37): Illuminate\Routing\Pipeline->Illuminate\Routing\{closure}(Object(Illuminate\Http\Request))
#39 /Applications/XAMPP/xamppfiles/htdocs/TULUPRO/vendor/laravel/framework/src/Illuminate/Pipeline/Pipeline.php(148): Illuminate\Cookie\Middleware\AddQueuedCookiesToResponse->handle(Object(Illuminate\Http\Request), Object(Closure))
#40 /Applications/XAMPP/xamppfiles/htdocs/TULUPRO/vendor/laravel/framework/src/Illuminate/Routing/Pipeline.php(53): Illuminate\Pipeline\Pipeline->Illuminate\Pipeline\{closure}(Object(Illuminate\Http\Request))
#41 /Applications/XAMPP/xamppfiles/htdocs/TULUPRO/vendor/laravel/framework/src/Illuminate/Cookie/Middleware/EncryptCookies.php(59): Illuminate\Routing\Pipeline->Illuminate\Routing\{closure}(Object(Illuminate\Http\Request))
#42 /Applications/XAMPP/xamppfiles/htdocs/TULUPRO/vendor/laravel/framework/src/Illuminate/Pipeline/Pipeline.php(148): Illuminate\Cookie\Middleware\EncryptCookies->handle(Object(Illuminate\Http\Request), Object(Closure))
#43 /Applications/XAMPP/xamppfiles/htdocs/TULUPRO/vendor/laravel/framework/src/Illuminate/Routing/Pipeline.php(53): Illuminate\Pipeline\Pipeline->Illuminate\Pipeline\{closure}(Object(Illuminate\Http\Request))
#44 /Applications/XAMPP/xamppfiles/htdocs/TULUPRO/vendor/laravel/framework/src/Illuminate/Pipeline/Pipeline.php(102): Illuminate\Routing\Pipeline->Illuminate\Routing\{closure}(Object(Illuminate\Http\Request))
#45 /Applications/XAMPP/xamppfiles/htdocs/TULUPRO/vendor/laravel/framework/src/Illuminate/Routing/Router.php(574): Illuminate\Pipeline\Pipeline->then(Object(Closure))
#46 /Applications/XAMPP/xamppfiles/htdocs/TULUPRO/vendor/laravel/framework/src/Illuminate/Routing/Router.php(533): Illuminate\Routing\Router->runRouteWithinStack(Object(Illuminate\Routing\Route), Object(Illuminate\Http\Request))
#47 /Applications/XAMPP/xamppfiles/htdocs/TULUPRO/vendor/laravel/framework/src/Illuminate/Routing/Router.php(511): Illuminate\Routing\Router->dispatchToRoute(Object(Illuminate\Http\Request))
#48 /Applications/XAMPP/xamppfiles/htdocs/TULUPRO/vendor/laravel/framework/src/Illuminate/Foundation/Http/Kernel.php(176): Illuminate\Routing\Router->dispatch(Object(Illuminate\Http\Request))
#49 /Applications/XAMPP/xamppfiles/htdocs/TULUPRO/vendor/laravel/framework/src/Illuminate/Routing/Pipeline.php(30): Illuminate\Foundation\Http\Kernel->Illuminate\Foundation\Http\{closure}(Object(Illuminate\Http\Request))
#50 /Applications/XAMPP/xamppfiles/htdocs/TULUPRO/vendor/barryvdh/laravel-debugbar/src/Middleware/Debugbar.php(51): Illuminate\Routing\Pipeline->Illuminate\Routing\{closure}(Object(Illuminate\Http\Request))
#51 /Applications/XAMPP/xamppfiles/htdocs/TULUPRO/vendor/laravel/framework/src/Illuminate/Pipeline/Pipeline.php(148): Barryvdh\Debugbar\Middleware\Debugbar->handle(Object(Illuminate\Http\Request), Object(Closure))
#52 /Applications/XAMPP/xamppfiles/htdocs/TULUPRO/vendor/laravel/framework/src/Illuminate/Routing/Pipeline.php(53): Illuminate\Pipeline\Pipeline->Illuminate\Pipeline\{closure}(Object(Illuminate\Http\Request))
#53 /Applications/XAMPP/xamppfiles/htdocs/TULUPRO/vendor/laravel/framework/src/Illuminate/Foundation/Http/Middleware/TransformsRequest.php(30): Illuminate\Routing\Pipeline->Illuminate\Routing\{closure}(Object(Illuminate\Http\Request))
#54 /Applications/XAMPP/xamppfiles/htdocs/TULUPRO/vendor/laravel/framework/src/Illuminate/Pipeline/Pipeline.php(148): Illuminate\Foundation\Http\Middleware\TransformsRequest->handle(Object(Illuminate\Http\Request), Object(Closure))
#55 /Applications/XAMPP/xamppfiles/htdocs/TULUPRO/vendor/laravel/framework/src/Illuminate/Routing/Pipeline.php(53): Illuminate\Pipeline\Pipeline->Illuminate\Pipeline\{closure}(Object(Illuminate\Http\Request))
#56 /Applications/XAMPP/xamppfiles/htdocs/TULUPRO/vendor/laravel/framework/src/Illuminate/Foundation/Http/Middleware/TransformsRequest.php(30): Illuminate\Routing\Pipeline->Illuminate\Routing\{closure}(Object(Illuminate\Http\Request))
#57 /Applications/XAMPP/xamppfiles/htdocs/TULUPRO/vendor/laravel/framework/src/Illuminate/Pipeline/Pipeline.php(148): Illuminate\Foundation\Http\Middleware\TransformsRequest->handle(Object(Illuminate\Http\Request), Object(Closure))
#58 /Applications/XAMPP/xamppfiles/htdocs/TULUPRO/vendor/laravel/framework/src/Illuminate/Routing/Pipeline.php(53): Illuminate\Pipeline\Pipeline->Illuminate\Pipeline\{closure}(Object(Illuminate\Http\Request))
#59 /Applications/XAMPP/xamppfiles/htdocs/TULUPRO/vendor/laravel/framework/src/Illuminate/Foundation/Http/Middleware/ValidatePostSize.php(27): Illuminate\Routing\Pipeline->Illuminate\Routing\{closure}(Object(Illuminate\Http\Request))
#60 /Applications/XAMPP/xamppfiles/htdocs/TULUPRO/vendor/laravel/framework/src/Illuminate/Pipeline/Pipeline.php(148): Illuminate\Foundation\Http\Middleware\ValidatePostSize->handle(Object(Illuminate\Http\Request), Object(Closure))
#61 /Applications/XAMPP/xamppfiles/htdocs/TULUPRO/vendor/laravel/framework/src/Illuminate/Routing/Pipeline.php(53): Illuminate\Pipeline\Pipeline->Illuminate\Pipeline\{closure}(Object(Illuminate\Http\Request))
#62 /Applications/XAMPP/xamppfiles/htdocs/TULUPRO/vendor/laravel/framework/src/Illuminate/Foundation/Http/Middleware/CheckForMaintenanceMode.php(46): Illuminate\Routing\Pipeline->Illuminate\Routing\{closure}(Object(Illuminate\Http\Request))
#63 /Applications/XAMPP/xamppfiles/htdocs/TULUPRO/vendor/laravel/framework/src/Illuminate/Pipeline/Pipeline.php(148): Illuminate\Foundation\Http\Middleware\CheckForMaintenanceMode->handle(Object(Illuminate\Http\Request), Object(Closure))
#64 /Applications/XAMPP/xamppfiles/htdocs/TULUPRO/vendor/laravel/framework/src/Illuminate/Routing/Pipeline.php(53): Illuminate\Pipeline\Pipeline->Illuminate\Pipeline\{closure}(Object(Illuminate\Http\Request))
#65 /Applications/XAMPP/xamppfiles/htdocs/TULUPRO/vendor/laravel/framework/src/Illuminate/Pipeline/Pipeline.php(102): Illuminate\Routing\Pipeline->Illuminate\Routing\{closure}(Object(Illuminate\Http\Request))
#66 /Applications/XAMPP/xamppfiles/htdocs/TULUPRO/vendor/laravel/framework/src/Illuminate/Foundation/Http/Kernel.php(151): Illuminate\Pipeline\Pipeline->then(Object(Closure))
#67 /Applications/XAMPP/xamppfiles/htdocs/TULUPRO/vendor/laravel/framework/src/Illuminate/Foundation/Http/Kernel.php(116): Illuminate\Foundation\Http\Kernel->sendRequestThroughRouter(Object(Illuminate\Http\Request))
#68 /Applications/XAMPP/xamppfiles/htdocs/TULUPRO/public/index.php(52): Illuminate\Foundation\Http\Kernel->handle(Object(Illuminate\Http\Request))
#69 /Applications/XAMPP/xamppfiles/htdocs/TULUPRO/server.php(19): require_once('/Applications/X...')
#70 {main}

Next ErrorException: Undefined variable: organizations (View: /Applications/XAMPP/xamppfiles/htdocs/TULUPRO/resources/views/backend/access/create.blade.php) in /Applications/XAMPP/xamppfiles/htdocs/TULUPRO/storage/framework/views/0f8d38dcae4a592fb727b0cd875ca21ab1447ab0.php:59
Stack trace:
#0 /Applications/XAMPP/xamppfiles/htdocs/TULUPRO/vendor/laravel/framework/src/Illuminate/View/Engines/PhpEngine.php(44): Illuminate\View\Engines\CompilerEngine->handleViewException(Object(ErrorException), 1)
#1 /Applications/XAMPP/xamppfiles/htdocs/TULUPRO/vendor/laravel/framework/src/Illuminate/View/Engines/CompilerEngine.php(59): Illuminate\View\Engines\PhpEngine->evaluatePath('/Applications/X...', Array)
#2 /Applications/XAMPP/xamppfiles/htdocs/TULUPRO/vendor/laravel/framework/src/Illuminate/View/View.php(137): Illuminate\View\Engines\CompilerEngine->get('/Applications/X...', Array)
#3 /Applications/XAMPP/xamppfiles/htdocs/TULUPRO/vendor/laravel/framework/src/Illuminate/View/View.php(120): Illuminate\View\View->getContents()
#4 /Applications/XAMPP/xamppfiles/htdocs/TULUPRO/vendor/laravel/framework/src/Illuminate/View/View.php(85): Illuminate\View\View->renderContents()
#5 /Applications/XAMPP/xamppfiles/htdocs/TULUPRO/vendor/laravel/framework/src/Illuminate/Http/Response.php(38): Illuminate\View\View->render()
#6 /Applications/XAMPP/xamppfiles/htdocs/TULUPRO/vendor/symfony/http-foundation/Response.php(206): Illuminate\Http\Response->setContent(Object(Illuminate\View\View))
#7 /Applications/XAMPP/xamppfiles/htdocs/TULUPRO/vendor/laravel/framework/src/Illuminate/Routing/Router.php(615): Symfony\Component\HttpFoundation\Response->__construct(Object(Illuminate\View\View))
#8 /Applications/XAMPP/xamppfiles/htdocs/TULUPRO/vendor/laravel/framework/src/Illuminate/Routing/Router.php(572): Illuminate\Routing\Router->prepareResponse(Object(Illuminate\Http\Request), Object(Illuminate\View\View))
#9 /Applications/XAMPP/xamppfiles/htdocs/TULUPRO/vendor/laravel/framework/src/Illuminate/Routing/Pipeline.php(30): Illuminate\Routing\Router->Illuminate\Routing\{closure}(Object(Illuminate\Http\Request))
#10 /Applications/XAMPP/xamppfiles/htdocs/TULUPRO/app/Http/Middleware/RouteNeedsRole.php(41): Illuminate\Routing\Pipeline->Illuminate\Routing\{closure}(Object(Illuminate\Http\Request))
#11 /Applications/XAMPP/xamppfiles/htdocs/TULUPRO/vendor/laravel/framework/src/Illuminate/Pipeline/Pipeline.php(148): App\Http\Middleware\RouteNeedsRole->handle(Object(Illuminate\Http\Request), Object(Closure), '1')
#12 /Applications/XAMPP/xamppfiles/htdocs/TULUPRO/vendor/laravel/framework/src/Illuminate/Routing/Pipeline.php(53): Illuminate\Pipeline\Pipeline->Illuminate\Pipeline\{closure}(Object(Illuminate\Http\Request))
#13 /Applications/XAMPP/xamppfiles/htdocs/TULUPRO/app/Http/Middleware/SessionTimeout.php(59): Illuminate\Routing\Pipeline->Illuminate\Routing\{closure}(Object(Illuminate\Http\Request))
#14 /Applications/XAMPP/xamppfiles/htdocs/TULUPRO/vendor/laravel/framework/src/Illuminate/Pipeline/Pipeline.php(148): App\Http\Middleware\SessionTimeout->handle(Object(Illuminate\Http\Request), Object(Closure))
#15 /Applications/XAMPP/xamppfiles/htdocs/TULUPRO/vendor/laravel/framework/src/Illuminate/Routing/Pipeline.php(53): Illuminate\Pipeline\Pipeline->Illuminate\Pipeline\{closure}(Object(Illuminate\Http\Request))
#16 /Applications/XAMPP/xamppfiles/htdocs/TULUPRO/app/Http/Middleware/RouteForAdmin.php(26): Illuminate\Routing\Pipeline->Illuminate\Routing\{closure}(Object(Illuminate\Http\Request))
#17 /Applications/XAMPP/xamppfiles/htdocs/TULUPRO/vendor/laravel/framework/src/Illuminate/Pipeline/Pipeline.php(148): App\Http\Middleware\RouteForAdmin->handle(Object(Illuminate\Http\Request), Object(Closure))
#18 /Applications/XAMPP/xamppfiles/htdocs/TULUPRO/vendor/laravel/framework/src/Illuminate/Routing/Pipeline.php(53): Illuminate\Pipeline\Pipeline->Illuminate\Pipeline\{closure}(Object(Illuminate\Http\Request))
#19 /Applications/XAMPP/xamppfiles/htdocs/TULUPRO/app/Http/Middleware/LocaleMiddleware.php(57): Illuminate\Routing\Pipeline->Illuminate\Routing\{closure}(Object(Illuminate\Http\Request))
#20 /Applications/XAMPP/xamppfiles/htdocs/TULUPRO/vendor/laravel/framework/src/Illuminate/Pipeline/Pipeline.php(148): App\Http\Middleware\LocaleMiddleware->handle(Object(Illuminate\Http\Request), Object(Closure))
#21 /Applications/XAMPP/xamppfiles/htdocs/TULUPRO/vendor/laravel/framework/src/Illuminate/Routing/Pipeline.php(53): Illuminate\Pipeline\Pipeline->Illuminate\Pipeline\{closure}(Object(Illuminate\Http\Request))
#22 /Applications/XAMPP/xamppfiles/htdocs/TULUPRO/vendor/laravel/framework/src/Illuminate/Routing/Middleware/SubstituteBindings.php(41): Illuminate\Routing\Pipeline->Illuminate\Routing\{closure}(Object(Illuminate\Http\Request))
#23 /Applications/XAMPP/xamppfiles/htdocs/TULUPRO/vendor/laravel/framework/src/Illuminate/Pipeline/Pipeline.php(148): Illuminate\Routing\Middleware\SubstituteBindings->handle(Object(Illuminate\Http\Request), Object(Closure))
#24 /Applications/XAMPP/xamppfiles/htdocs/TULUPRO/vendor/laravel/framework/src/Illuminate/Routing/Pipeline.php(53): Illuminate\Pipeline\Pipeline->Illuminate\Pipeline\{closure}(Object(Illuminate\Http\Request))
#25 /Applications/XAMPP/xamppfiles/htdocs/TULUPRO/vendor/laravel/framework/src/Illuminate/Auth/Middleware/Authenticate.php(43): Illuminate\Routing\Pipeline->Illuminate\Routing\{closure}(Object(Illuminate\Http\Request))
#26 /Applications/XAMPP/xamppfiles/htdocs/TULUPRO/vendor/laravel/framework/src/Illuminate/Pipeline/Pipeline.php(148): Illuminate\Auth\Middleware\Authenticate->handle(Object(Illuminate\Http\Request), Object(Closure))
#27 /Applications/XAMPP/xamppfiles/htdocs/TULUPRO/vendor/laravel/framework/src/Illuminate/Routing/Pipeline.php(53): Illuminate\Pipeline\Pipeline->Illuminate\Pipeline\{closure}(Object(Illuminate\Http\Request))
#28 /Applications/XAMPP/xamppfiles/htdocs/TULUPRO/vendor/laravel/framework/src/Illuminate/Foundation/Http/Middleware/VerifyCsrfToken.php(65): Illuminate\Routing\Pipeline->Illuminate\Routing\{closure}(Object(Illuminate\Http\Request))
#29 /Applications/XAMPP/xamppfiles/htdocs/TULUPRO/vendor/laravel/framework/src/Illuminate/Pipeline/Pipeline.php(148): Illuminate\Foundation\Http\Middleware\VerifyCsrfToken->handle(Object(Illuminate\Http\Request), Object(Closure))
#30 /Applications/XAMPP/xamppfiles/htdocs/TULUPRO/vendor/laravel/framework/src/Illuminate/Routing/Pipeline.php(53): Illuminate\Pipeline\Pipeline->Illuminate\Pipeline\{closure}(Object(Illuminate\Http\Request))
#31 /Applications/XAMPP/xamppfiles/htdocs/TULUPRO/vendor/laravel/framework/src/Illuminate/View/Middleware/ShareErrorsFromSession.php(49): Illuminate\Routing\Pipeline->Illuminate\Routing\{closure}(Object(Illuminate\Http\Request))
#32 /Applications/XAMPP/xamppfiles/htdocs/TULUPRO/vendor/laravel/framework/src/Illuminate/Pipeline/Pipeline.php(148): Illuminate\View\Middleware\ShareErrorsFromSession->handle(Object(Illuminate\Http\Request), Object(Closure))
#33 /Applications/XAMPP/xamppfiles/htdocs/TULUPRO/vendor/laravel/framework/src/Illuminate/Routing/Pipeline.php(53): Illuminate\Pipeline\Pipeline->Illuminate\Pipeline\{closure}(Object(Illuminate\Http\Request))
#34 /Applications/XAMPP/xamppfiles/htdocs/TULUPRO/vendor/laravel/framework/src/Illuminate/Session/Middleware/StartSession.php(64): Illuminate\Routing\Pipeline->Illuminate\Routing\{closure}(Object(Illuminate\Http\Request))
#35 /Applications/XAMPP/xamppfiles/htdocs/TULUPRO/vendor/laravel/framework/src/Illuminate/Pipeline/Pipeline.php(148): Illuminate\Session\Middleware\StartSession->handle(Object(Illuminate\Http\Request), Object(Closure))
#36 /Applications/XAMPP/xamppfiles/htdocs/TULUPRO/vendor/laravel/framework/src/Illuminate/Routing/Pipeline.php(53): Illuminate\Pipeline\Pipeline->Illuminate\Pipeline\{closure}(Object(Illuminate\Http\Request))
#37 /Applications/XAMPP/xamppfiles/htdocs/TULUPRO/vendor/laravel/framework/src/Illuminate/Cookie/Middleware/AddQueuedCookiesToResponse.php(37): Illuminate\Routing\Pipeline->Illuminate\Routing\{closure}(Object(Illuminate\Http\Request))
#38 /Applications/XAMPP/xamppfiles/htdocs/TULUPRO/vendor/laravel/framework/src/Illuminate/Pipeline/Pipeline.php(148): Illuminate\Cookie\Middleware\AddQueuedCookiesToResponse->handle(Object(Illuminate\Http\Request), Object(Closure))
#39 /Applications/XAMPP/xamppfiles/htdocs/TULUPRO/vendor/laravel/framework/src/Illuminate/Routing/Pipeline.php(53): Illuminate\Pipeline\Pipeline->Illuminate\Pipeline\{closure}(Object(Illuminate\Http\Request))
#40 /Applications/XAMPP/xamppfiles/htdocs/TULUPRO/vendor/laravel/framework/src/Illuminate/Cookie/Middleware/EncryptCookies.php(59): Illuminate\Routing\Pipeline->Illuminate\Routing\{closure}(Object(Illuminate\Http\Request))
#41 /Applications/XAMPP/xamppfiles/htdocs/TULUPRO/vendor/laravel/framework/src/Illuminate/Pipeline/Pipeline.php(148): Illuminate\Cookie\Middleware\EncryptCookies->handle(Object(Illuminate\Http\Request), Object(Closure))
#42 /Applications/XAMPP/xamppfiles/htdocs/TULUPRO/vendor/laravel/framework/src/Illuminate/Routing/Pipeline.php(53): Illuminate\Pipeline\Pipeline->Illuminate\Pipeline\{closure}(Object(Illuminate\Http\Request))
#43 /Applications/XAMPP/xamppfiles/htdocs/TULUPRO/vendor/laravel/framework/src/Illuminate/Pipeline/Pipeline.php(102): Illuminate\Routing\Pipeline->Illuminate\Routing\{closure}(Object(Illuminate\Http\Request))
#44 /Applications/XAMPP/xamppfiles/htdocs/TULUPRO/vendor/laravel/framework/src/Illuminate/Routing/Router.php(574): Illuminate\Pipeline\Pipeline->then(Object(Closure))
#45 /Applications/XAMPP/xamppfiles/htdocs/TULUPRO/vendor/laravel/framework/src/Illuminate/Routing/Router.php(533): Illuminate\Routing\Router->runRouteWithinStack(Object(Illuminate\Routing\Route), Object(Illuminate\Http\Request))
#46 /Applications/XAMPP/xamppfiles/htdocs/TULUPRO/vendor/laravel/framework/src/Illuminate/Routing/Router.php(511): Illuminate\Routing\Router->dispatchToRoute(Object(Illuminate\Http\Request))
#47 /Applications/XAMPP/xamppfiles/htdocs/TULUPRO/vendor/laravel/framework/src/Illuminate/Foundation/Http/Kernel.php(176): Illuminate\Routing\Router->dispatch(Object(Illuminate\Http\Request))
#48 /Applications/XAMPP/xamppfiles/htdocs/TULUPRO/vendor/laravel/framework/src/Illuminate/Routing/Pipeline.php(30): Illuminate\Foundation\Http\Kernel->Illuminate\Foundation\Http\{closure}(Object(Illuminate\Http\Request))
#49 /Applications/XAMPP/xamppfiles/htdocs/TULUPRO/vendor/barryvdh/laravel-debugbar/src/Middleware/Debugbar.php(51): Illuminate\Routing\Pipeline->Illuminate\Routing\{closure}(Object(Illuminate\Http\Request))
#50 /Applications/XAMPP/xamppfiles/htdocs/TULUPRO/vendor/laravel/framework/src/Illuminate/Pipeline/Pipeline.php(148): Barryvdh\Debugbar\Middleware\Debugbar->handle(Object(Illuminate\Http\Request), Object(Closure))
#51 /Applications/XAMPP/xamppfiles/htdocs/TULUPRO/vendor/laravel/framework/src/Illuminate/Routing/Pipeline.php(53): Illuminate\Pipeline\Pipeline->Illuminate\Pipeline\{closure}(Object(Illuminate\Http\Request))
#52 /Applications/XAMPP/xamppfiles/htdocs/TULUPRO/vendor/laravel/framework/src/Illuminate/Foundation/Http/Middleware/TransformsRequest.php(30): Illuminate\Routing\Pipeline->Illuminate\Routing\{closure}(Object(Illuminate\Http\Request))
#53 /Applications/XAMPP/xamppfiles/htdocs/TULUPRO/vendor/laravel/framework/src/Illuminate/Pipeline/Pipeline.php(148): Illuminate\Foundation\Http\Middleware\TransformsRequest->handle(Object(Illuminate\Http\Request), Object(Closure))
#54 /Applications/XAMPP/xamppfiles/htdocs/TULUPRO/vendor/laravel/framework/src/Illuminate/Routing/Pipeline.php(53): Illuminate\Pipeline\Pipeline->Illuminate\Pipeline\{closure}(Object(Illuminate\Http\Request))
#55 /Applications/XAMPP/xamppfiles/htdocs/TULUPRO/vendor/laravel/framework/src/Illuminate/Foundation/Http/Middleware/TransformsRequest.php(30): Illuminate\Routing\Pipeline->Illuminate\Routing\{closure}(Object(Illuminate\Http\Request))
#56 /Applications/XAMPP/xamppfiles/htdocs/TULUPRO/vendor/laravel/framework/src/Illuminate/Pipeline/Pipeline.php(148): Illuminate\Foundation\Http\Middleware\TransformsRequest->handle(Object(Illuminate\Http\Request), Object(Closure))
#57 /Applications/XAMPP/xamppfiles/htdocs/TULUPRO/vendor/laravel/framework/src/Illuminate/Routing/Pipeline.php(53): Illuminate\Pipeline\Pipeline->Illuminate\Pipeline\{closure}(Object(Illuminate\Http\Request))
#58 /Applications/XAMPP/xamppfiles/htdocs/TULUPRO/vendor/laravel/framework/src/Illuminate/Foundation/Http/Middleware/ValidatePostSize.php(27): Illuminate\Routing\Pipeline->Illuminate\Routing\{closure}(Object(Illuminate\Http\Request))
#59 /Applications/XAMPP/xamppfiles/htdocs/TULUPRO/vendor/laravel/framework/src/Illuminate/Pipeline/Pipeline.php(148): Illuminate\Foundation\Http\Middleware\ValidatePostSize->handle(Object(Illuminate\Http\Request), Object(Closure))
#60 /Applications/XAMPP/xamppfiles/htdocs/TULUPRO/vendor/laravel/framework/src/Illuminate/Routing/Pipeline.php(53): Illuminate\Pipeline\Pipeline->Illuminate\Pipeline\{closure}(Object(Illuminate\Http\Request))
#61 /Applications/XAMPP/xamppfiles/htdocs/TULUPRO/vendor/laravel/framework/src/Illuminate/Foundation/Http/Middleware/CheckForMaintenanceMode.php(46): Illuminate\Routing\Pipeline->Illuminate\Routing\{closure}(Object(Illuminate\Http\Request))
#62 /Applications/XAMPP/xamppfiles/htdocs/TULUPRO/vendor/laravel/framework/src/Illuminate/Pipeline/Pipeline.php(148): Illuminate\Foundation\Http\Middleware\CheckForMaintenanceMode->handle(Object(Illuminate\Http\Request), Object(Closure))
#63 /Applications/XAMPP/xamppfiles/htdocs/TULUPRO/vendor/laravel/framework/src/Illuminate/Routing/Pipeline.php(53): Illuminate\Pipeline\Pipeline->Illuminate\Pipeline\{closure}(Object(Illuminate\Http\Request))
#64 /Applications/XAMPP/xamppfiles/htdocs/TULUPRO/vendor/laravel/framework/src/Illuminate/Pipeline/Pipeline.php(102): Illuminate\Routing\Pipeline->Illuminate\Routing\{closure}(Object(Illuminate\Http\Request))
#65 /Applications/XAMPP/xamppfiles/htdocs/TULUPRO/vendor/laravel/framework/src/Illuminate/Foundation/Http/Kernel.php(151): Illuminate\Pipeline\Pipeline->then(Object(Closure))
#66 /Applications/XAMPP/xamppfiles/htdocs/TULUPRO/vendor/laravel/framework/src/Illuminate/Foundation/Http/Kernel.php(116): Illuminate\Foundation\Http\Kernel->sendRequestThroughRouter(Object(Illuminate\Http\Request))
#67 /Applications/XAMPP/xamppfiles/htdocs/TULUPRO/public/index.php(52): Illuminate\Foundation\Http\Kernel->handle(Object(Illuminate\Http\Request))
#68 /Applications/XAMPP/xamppfiles/htdocs/TULUPRO/server.php(19): require_once('/Applications/X...')
#69 {main}  
[2018-08-23 00:30:55] local.ERROR: App\Exceptions\GeneralException: Duplicated email address! in /Applications/XAMPP/xamppfiles/htdocs/TULUPRO/app/Repositories/Backend/Access/User/UserRepository.php:151
Stack trace:
#0 /Applications/XAMPP/xamppfiles/htdocs/TULUPRO/app/Http/Controllers/Backend/Access/User/UserController.php(125): App\Repositories\Backend\Access\User\UserRepository->createUserFromSuperAdmin(Array)
#1 [internal function]: App\Http\Controllers\Backend\Access\User\UserController->store(Object(App\Http\Requests\Backend\Access\User\ManageUserRequest))
#2 /Applications/XAMPP/xamppfiles/htdocs/TULUPRO/vendor/laravel/framework/src/Illuminate/Routing/Controller.php(55): call_user_func_array(Array, Array)
#3 /Applications/XAMPP/xamppfiles/htdocs/TULUPRO/vendor/laravel/framework/src/Illuminate/Routing/ControllerDispatcher.php(44): Illuminate\Routing\Controller->callAction('store', Array)
#4 /Applications/XAMPP/xamppfiles/htdocs/TULUPRO/vendor/laravel/framework/src/Illuminate/Routing/Route.php(203): Illuminate\Routing\ControllerDispatcher->dispatch(Object(Illuminate\Routing\Route), Object(App\Http\Controllers\Backend\Access\User\UserController), 'store')
#5 /Applications/XAMPP/xamppfiles/htdocs/TULUPRO/vendor/laravel/framework/src/Illuminate/Routing/Route.php(160): Illuminate\Routing\Route->runController()
#6 /Applications/XAMPP/xamppfiles/htdocs/TULUPRO/vendor/laravel/framework/src/Illuminate/Routing/Router.php(572): Illuminate\Routing\Route->run()
#7 /Applications/XAMPP/xamppfiles/htdocs/TULUPRO/vendor/laravel/framework/src/Illuminate/Routing/Pipeline.php(30): Illuminate\Routing\Router->Illuminate\Routing\{closure}(Object(Illuminate\Http\Request))
#8 /Applications/XAMPP/xamppfiles/htdocs/TULUPRO/app/Http/Middleware/RouteNeedsRole.php(41): Illuminate\Routing\Pipeline->Illuminate\Routing\{closure}(Object(Illuminate\Http\Request))
#9 /Applications/XAMPP/xamppfiles/htdocs/TULUPRO/vendor/laravel/framework/src/Illuminate/Pipeline/Pipeline.php(148): App\Http\Middleware\RouteNeedsRole->handle(Object(Illuminate\Http\Request), Object(Closure), '1')
#10 /Applications/XAMPP/xamppfiles/htdocs/TULUPRO/vendor/laravel/framework/src/Illuminate/Routing/Pipeline.php(53): Illuminate\Pipeline\Pipeline->Illuminate\Pipeline\{closure}(Object(Illuminate\Http\Request))
#11 /Applications/XAMPP/xamppfiles/htdocs/TULUPRO/app/Http/Middleware/SessionTimeout.php(59): Illuminate\Routing\Pipeline->Illuminate\Routing\{closure}(Object(Illuminate\Http\Request))
#12 /Applications/XAMPP/xamppfiles/htdocs/TULUPRO/vendor/laravel/framework/src/Illuminate/Pipeline/Pipeline.php(148): App\Http\Middleware\SessionTimeout->handle(Object(Illuminate\Http\Request), Object(Closure))
#13 /Applications/XAMPP/xamppfiles/htdocs/TULUPRO/vendor/laravel/framework/src/Illuminate/Routing/Pipeline.php(53): Illuminate\Pipeline\Pipeline->Illuminate\Pipeline\{closure}(Object(Illuminate\Http\Request))
#14 /Applications/XAMPP/xamppfiles/htdocs/TULUPRO/app/Http/Middleware/RouteForAdmin.php(26): Illuminate\Routing\Pipeline->Illuminate\Routing\{closure}(Object(Illuminate\Http\Request))
#15 /Applications/XAMPP/xamppfiles/htdocs/TULUPRO/vendor/laravel/framework/src/Illuminate/Pipeline/Pipeline.php(148): App\Http\Middleware\RouteForAdmin->handle(Object(Illuminate\Http\Request), Object(Closure))
#16 /Applications/XAMPP/xamppfiles/htdocs/TULUPRO/vendor/laravel/framework/src/Illuminate/Routing/Pipeline.php(53): Illuminate\Pipeline\Pipeline->Illuminate\Pipeline\{closure}(Object(Illuminate\Http\Request))
#17 /Applications/XAMPP/xamppfiles/htdocs/TULUPRO/app/Http/Middleware/LocaleMiddleware.php(57): Illuminate\Routing\Pipeline->Illuminate\Routing\{closure}(Object(Illuminate\Http\Request))
#18 /Applications/XAMPP/xamppfiles/htdocs/TULUPRO/vendor/laravel/framework/src/Illuminate/Pipeline/Pipeline.php(148): App\Http\Middleware\LocaleMiddleware->handle(Object(Illuminate\Http\Request), Object(Closure))
#19 /Applications/XAMPP/xamppfiles/htdocs/TULUPRO/vendor/laravel/framework/src/Illuminate/Routing/Pipeline.php(53): Illuminate\Pipeline\Pipeline->Illuminate\Pipeline\{closure}(Object(Illuminate\Http\Request))
#20 /Applications/XAMPP/xamppfiles/htdocs/TULUPRO/vendor/laravel/framework/src/Illuminate/Routing/Middleware/SubstituteBindings.php(41): Illuminate\Routing\Pipeline->Illuminate\Routing\{closure}(Object(Illuminate\Http\Request))
#21 /Applications/XAMPP/xamppfiles/htdocs/TULUPRO/vendor/laravel/framework/src/Illuminate/Pipeline/Pipeline.php(148): Illuminate\Routing\Middleware\SubstituteBindings->handle(Object(Illuminate\Http\Request), Object(Closure))
#22 /Applications/XAMPP/xamppfiles/htdocs/TULUPRO/vendor/laravel/framework/src/Illuminate/Routing/Pipeline.php(53): Illuminate\Pipeline\Pipeline->Illuminate\Pipeline\{closure}(Object(Illuminate\Http\Request))
#23 /Applications/XAMPP/xamppfiles/htdocs/TULUPRO/vendor/laravel/framework/src/Illuminate/Auth/Middleware/Authenticate.php(43): Illuminate\Routing\Pipeline->Illuminate\Routing\{closure}(Object(Illuminate\Http\Request))
#24 /Applications/XAMPP/xamppfiles/htdocs/TULUPRO/vendor/laravel/framework/src/Illuminate/Pipeline/Pipeline.php(148): Illuminate\Auth\Middleware\Authenticate->handle(Object(Illuminate\Http\Request), Object(Closure))
#25 /Applications/XAMPP/xamppfiles/htdocs/TULUPRO/vendor/laravel/framework/src/Illuminate/Routing/Pipeline.php(53): Illuminate\Pipeline\Pipeline->Illuminate\Pipeline\{closure}(Object(Illuminate\Http\Request))
#26 /Applications/XAMPP/xamppfiles/htdocs/TULUPRO/vendor/laravel/framework/src/Illuminate/Foundation/Http/Middleware/VerifyCsrfToken.php(65): Illuminate\Routing\Pipeline->Illuminate\Routing\{closure}(Object(Illuminate\Http\Request))
#27 /Applications/XAMPP/xamppfiles/htdocs/TULUPRO/vendor/laravel/framework/src/Illuminate/Pipeline/Pipeline.php(148): Illuminate\Foundation\Http\Middleware\VerifyCsrfToken->handle(Object(Illuminate\Http\Request), Object(Closure))
#28 /Applications/XAMPP/xamppfiles/htdocs/TULUPRO/vendor/laravel/framework/src/Illuminate/Routing/Pipeline.php(53): Illuminate\Pipeline\Pipeline->Illuminate\Pipeline\{closure}(Object(Illuminate\Http\Request))
#29 /Applications/XAMPP/xamppfiles/htdocs/TULUPRO/vendor/laravel/framework/src/Illuminate/View/Middleware/ShareErrorsFromSession.php(49): Illuminate\Routing\Pipeline->Illuminate\Routing\{closure}(Object(Illuminate\Http\Request))
#30 /Applications/XAMPP/xamppfiles/htdocs/TULUPRO/vendor/laravel/framework/src/Illuminate/Pipeline/Pipeline.php(148): Illuminate\View\Middleware\ShareErrorsFromSession->handle(Object(Illuminate\Http\Request), Object(Closure))
#31 /Applications/XAMPP/xamppfiles/htdocs/TULUPRO/vendor/laravel/framework/src/Illuminate/Routing/Pipeline.php(53): Illuminate\Pipeline\Pipeline->Illuminate\Pipeline\{closure}(Object(Illuminate\Http\Request))
#32 /Applications/XAMPP/xamppfiles/htdocs/TULUPRO/vendor/laravel/framework/src/Illuminate/Session/Middleware/StartSession.php(64): Illuminate\Routing\Pipeline->Illuminate\Routing\{closure}(Object(Illuminate\Http\Request))
#33 /Applications/XAMPP/xamppfiles/htdocs/TULUPRO/vendor/laravel/framework/src/Illuminate/Pipeline/Pipeline.php(148): Illuminate\Session\Middleware\StartSession->handle(Object(Illuminate\Http\Request), Object(Closure))
#34 /Applications/XAMPP/xamppfiles/htdocs/TULUPRO/vendor/laravel/framework/src/Illuminate/Routing/Pipeline.php(53): Illuminate\Pipeline\Pipeline->Illuminate\Pipeline\{closure}(Object(Illuminate\Http\Request))
#35 /Applications/XAMPP/xamppfiles/htdocs/TULUPRO/vendor/laravel/framework/src/Illuminate/Cookie/Middleware/AddQueuedCookiesToResponse.php(37): Illuminate\Routing\Pipeline->Illuminate\Routing\{closure}(Object(Illuminate\Http\Request))
#36 /Applications/XAMPP/xamppfiles/htdocs/TULUPRO/vendor/laravel/framework/src/Illuminate/Pipeline/Pipeline.php(148): Illuminate\Cookie\Middleware\AddQueuedCookiesToResponse->handle(Object(Illuminate\Http\Request), Object(Closure))
#37 /Applications/XAMPP/xamppfiles/htdocs/TULUPRO/vendor/laravel/framework/src/Illuminate/Routing/Pipeline.php(53): Illuminate\Pipeline\Pipeline->Illuminate\Pipeline\{closure}(Object(Illuminate\Http\Request))
#38 /Applications/XAMPP/xamppfiles/htdocs/TULUPRO/vendor/laravel/framework/src/Illuminate/Cookie/Middleware/EncryptCookies.php(59): Illuminate\Routing\Pipeline->Illuminate\Routing\{closure}(Object(Illuminate\Http\Request))
#39 /Applications/XAMPP/xamppfiles/htdocs/TULUPRO/vendor/laravel/framework/src/Illuminate/Pipeline/Pipeline.php(148): Illuminate\Cookie\Middleware\EncryptCookies->handle(Object(Illuminate\Http\Request), Object(Closure))
#40 /Applications/XAMPP/xamppfiles/htdocs/TULUPRO/vendor/laravel/framework/src/Illuminate/Routing/Pipeline.php(53): Illuminate\Pipeline\Pipeline->Illuminate\Pipeline\{closure}(Object(Illuminate\Http\Request))
#41 /Applications/XAMPP/xamppfiles/htdocs/TULUPRO/vendor/laravel/framework/src/Illuminate/Pipeline/Pipeline.php(102): Illuminate\Routing\Pipeline->Illuminate\Routing\{closure}(Object(Illuminate\Http\Request))
#42 /Applications/XAMPP/xamppfiles/htdocs/TULUPRO/vendor/laravel/framework/src/Illuminate/Routing/Router.php(574): Illuminate\Pipeline\Pipeline->then(Object(Closure))
#43 /Applications/XAMPP/xamppfiles/htdocs/TULUPRO/vendor/laravel/framework/src/Illuminate/Routing/Router.php(533): Illuminate\Routing\Router->runRouteWithinStack(Object(Illuminate\Routing\Route), Object(Illuminate\Http\Request))
#44 /Applications/XAMPP/xamppfiles/htdocs/TULUPRO/vendor/laravel/framework/src/Illuminate/Routing/Router.php(511): Illuminate\Routing\Router->dispatchToRoute(Object(Illuminate\Http\Request))
#45 /Applications/XAMPP/xamppfiles/htdocs/TULUPRO/vendor/laravel/framework/src/Illuminate/Foundation/Http/Kernel.php(176): Illuminate\Routing\Router->dispatch(Object(Illuminate\Http\Request))
#46 /Applications/XAMPP/xamppfiles/htdocs/TULUPRO/vendor/laravel/framework/src/Illuminate/Routing/Pipeline.php(30): Illuminate\Foundation\Http\Kernel->Illuminate\Foundation\Http\{closure}(Object(Illuminate\Http\Request))
#47 /Applications/XAMPP/xamppfiles/htdocs/TULUPRO/vendor/barryvdh/laravel-debugbar/src/Middleware/Debugbar.php(51): Illuminate\Routing\Pipeline->Illuminate\Routing\{closure}(Object(Illuminate\Http\Request))
#48 /Applications/XAMPP/xamppfiles/htdocs/TULUPRO/vendor/laravel/framework/src/Illuminate/Pipeline/Pipeline.php(148): Barryvdh\Debugbar\Middleware\Debugbar->handle(Object(Illuminate\Http\Request), Object(Closure))
#49 /Applications/XAMPP/xamppfiles/htdocs/TULUPRO/vendor/laravel/framework/src/Illuminate/Routing/Pipeline.php(53): Illuminate\Pipeline\Pipeline->Illuminate\Pipeline\{closure}(Object(Illuminate\Http\Request))
#50 /Applications/XAMPP/xamppfiles/htdocs/TULUPRO/vendor/laravel/framework/src/Illuminate/Foundation/Http/Middleware/TransformsRequest.php(30): Illuminate\Routing\Pipeline->Illuminate\Routing\{closure}(Object(Illuminate\Http\Request))
#51 /Applications/XAMPP/xamppfiles/htdocs/TULUPRO/vendor/laravel/framework/src/Illuminate/Pipeline/Pipeline.php(148): Illuminate\Foundation\Http\Middleware\TransformsRequest->handle(Object(Illuminate\Http\Request), Object(Closure))
#52 /Applications/XAMPP/xamppfiles/htdocs/TULUPRO/vendor/laravel/framework/src/Illuminate/Routing/Pipeline.php(53): Illuminate\Pipeline\Pipeline->Illuminate\Pipeline\{closure}(Object(Illuminate\Http\Request))
#53 /Applications/XAMPP/xamppfiles/htdocs/TULUPRO/vendor/laravel/framework/src/Illuminate/Foundation/Http/Middleware/TransformsRequest.php(30): Illuminate\Routing\Pipeline->Illuminate\Routing\{closure}(Object(Illuminate\Http\Request))
#54 /Applications/XAMPP/xamppfiles/htdocs/TULUPRO/vendor/laravel/framework/src/Illuminate/Pipeline/Pipeline.php(148): Illuminate\Foundation\Http\Middleware\TransformsRequest->handle(Object(Illuminate\Http\Request), Object(Closure))
#55 /Applications/XAMPP/xamppfiles/htdocs/TULUPRO/vendor/laravel/framework/src/Illuminate/Routing/Pipeline.php(53): Illuminate\Pipeline\Pipeline->Illuminate\Pipeline\{closure}(Object(Illuminate\Http\Request))
#56 /Applications/XAMPP/xamppfiles/htdocs/TULUPRO/vendor/laravel/framework/src/Illuminate/Foundation/Http/Middleware/ValidatePostSize.php(27): Illuminate\Routing\Pipeline->Illuminate\Routing\{closure}(Object(Illuminate\Http\Request))
#57 /Applications/XAMPP/xamppfiles/htdocs/TULUPRO/vendor/laravel/framework/src/Illuminate/Pipeline/Pipeline.php(148): Illuminate\Foundation\Http\Middleware\ValidatePostSize->handle(Object(Illuminate\Http\Request), Object(Closure))
#58 /Applications/XAMPP/xamppfiles/htdocs/TULUPRO/vendor/laravel/framework/src/Illuminate/Routing/Pipeline.php(53): Illuminate\Pipeline\Pipeline->Illuminate\Pipeline\{closure}(Object(Illuminate\Http\Request))
#59 /Applications/XAMPP/xamppfiles/htdocs/TULUPRO/vendor/laravel/framework/src/Illuminate/Foundation/Http/Middleware/CheckForMaintenanceMode.php(46): Illuminate\Routing\Pipeline->Illuminate\Routing\{closure}(Object(Illuminate\Http\Request))
#60 /Applications/XAMPP/xamppfiles/htdocs/TULUPRO/vendor/laravel/framework/src/Illuminate/Pipeline/Pipeline.php(148): Illuminate\Foundation\Http\Middleware\CheckForMaintenanceMode->handle(Object(Illuminate\Http\Request), Object(Closure))
#61 /Applications/XAMPP/xamppfiles/htdocs/TULUPRO/vendor/laravel/framework/src/Illuminate/Routing/Pipeline.php(53): Illuminate\Pipeline\Pipeline->Illuminate\Pipeline\{closure}(Object(Illuminate\Http\Request))
#62 /Applications/XAMPP/xamppfiles/htdocs/TULUPRO/vendor/laravel/framework/src/Illuminate/Pipeline/Pipeline.php(102): Illuminate\Routing\Pipeline->Illuminate\Routing\{closure}(Object(Illuminate\Http\Request))
#63 /Applications/XAMPP/xamppfiles/htdocs/TULUPRO/vendor/laravel/framework/src/Illuminate/Foundation/Http/Kernel.php(151): Illuminate\Pipeline\Pipeline->then(Object(Closure))
#64 /Applications/XAMPP/xamppfiles/htdocs/TULUPRO/vendor/laravel/framework/src/Illuminate/Foundation/Http/Kernel.php(116): Illuminate\Foundation\Http\Kernel->sendRequestThroughRouter(Object(Illuminate\Http\Request))
#65 /Applications/XAMPP/xamppfiles/htdocs/TULUPRO/public/index.php(52): Illuminate\Foundation\Http\Kernel->handle(Object(Illuminate\Http\Request))
#66 /Applications/XAMPP/xamppfiles/htdocs/TULUPRO/server.php(19): require_once('/Applications/X...')
#67 {main}  
[2018-08-23 00:33:13] local.INFO: User Logged Out: Kurt Nguyen  
[2018-08-23 00:33:18] local.INFO: User Logged In: admin1 first admin1 last  
