[2018-08-02 19:35:50] local.INFO: User Logged Out: test user  
[2018-08-02 19:35:53] local.INFO: User Logged In: test user  
[2018-08-02 19:42:04] local.ERROR: Intervention\Image\Exception\NotWritableException: Can't write image data to path (/Applications/XAMPP/xamppfiles/htdocs/TULUPRO/public/img/downloaded/1503078411.jpg) in /Applications/XAMPP/xamppfiles/htdocs/TULUPRO/vendor/intervention/image/src/Intervention/Image/Image.php:143
Stack trace:
#0 /Applications/XAMPP/xamppfiles/htdocs/TULUPRO/app/Jobs/DownloadImage.php(39): Intervention\Image\Image->save('/Applications/X...')
#1 [internal function]: App\Jobs\DownloadImage->handle()
#2 /Applications/XAMPP/xamppfiles/htdocs/TULUPRO/vendor/laravel/framework/src/Illuminate/Container/BoundMethod.php(29): call_user_func_array(Array, Array)
#3 /Applications/XAMPP/xamppfiles/htdocs/TULUPRO/vendor/laravel/framework/src/Illuminate/Container/BoundMethod.php(87): Illuminate\Container\BoundMethod::Illuminate\Container\{closure}()
#4 /Applications/XAMPP/xamppfiles/htdocs/TULUPRO/vendor/laravel/framework/src/Illuminate/Container/BoundMethod.php(31): Illuminate\Container\BoundMethod::callBoundMethod(Object(Illuminate\Foundation\Application), Array, Object(Closure))
#5 /Applications/XAMPP/xamppfiles/htdocs/TULUPRO/vendor/laravel/framework/src/Illuminate/Container/Container.php(539): Illuminate\Container\BoundMethod::call(Object(Illuminate\Foundation\Application), Array, Array, NULL)
#6 /Applications/XAMPP/xamppfiles/htdocs/TULUPRO/vendor/laravel/framework/src/Illuminate/Bus/Dispatcher.php(94): Illuminate\Container\Container->call(Array)
#7 /Applications/XAMPP/xamppfiles/htdocs/TULUPRO/vendor/laravel/framework/src/Illuminate/Pipeline/Pipeline.php(114): Illuminate\Bus\Dispatcher->Illuminate\Bus\{closure}(Object(App\Jobs\DownloadImage))
#8 /Applications/XAMPP/xamppfiles/htdocs/TULUPRO/vendor/laravel/framework/src/Illuminate/Pipeline/Pipeline.php(102): Illuminate\Pipeline\Pipeline->Illuminate\Pipeline\{closure}(Object(App\Jobs\DownloadImage))
#9 /Applications/XAMPP/xamppfiles/htdocs/TULUPRO/vendor/laravel/framework/src/Illuminate/Bus/Dispatcher.php(98): Illuminate\Pipeline\Pipeline->then(Object(Closure))
#10 /Applications/XAMPP/xamppfiles/htdocs/TULUPRO/vendor/laravel/framework/src/Illuminate/Queue/CallQueuedHandler.php(42): Illuminate\Bus\Dispatcher->dispatchNow(Object(App\Jobs\DownloadImage), false)
#11 /Applications/XAMPP/xamppfiles/htdocs/TULUPRO/vendor/laravel/framework/src/Illuminate/Queue/Jobs/Job.php(69): Illuminate\Queue\CallQueuedHandler->call(Object(Illuminate\Queue\Jobs\DatabaseJob), Array)
#12 /Applications/XAMPP/xamppfiles/htdocs/TULUPRO/vendor/laravel/framework/src/Illuminate/Queue/Worker.php(317): Illuminate\Queue\Jobs\Job->fire()
#13 /Applications/XAMPP/xamppfiles/htdocs/TULUPRO/vendor/laravel/framework/src/Illuminate/Queue/Worker.php(267): Illuminate\Queue\Worker->process('database', Object(Illuminate\Queue\Jobs\DatabaseJob), Object(Illuminate\Queue\WorkerOptions))
#14 /Applications/XAMPP/xamppfiles/htdocs/TULUPRO/vendor/laravel/framework/src/Illuminate/Queue/Worker.php(113): Illuminate\Queue\Worker->runJob(Object(Illuminate\Queue\Jobs\DatabaseJob), 'database', Object(Illuminate\Queue\WorkerOptions))
#15 /Applications/XAMPP/xamppfiles/htdocs/TULUPRO/vendor/laravel/framework/src/Illuminate/Queue/Console/WorkCommand.php(101): Illuminate\Queue\Worker->daemon('database', 'default', Object(Illuminate\Queue\WorkerOptions))
#16 /Applications/XAMPP/xamppfiles/htdocs/TULUPRO/vendor/laravel/framework/src/Illuminate/Queue/Console/WorkCommand.php(85): Illuminate\Queue\Console\WorkCommand->runWorker('database', 'default')
#17 [internal function]: Illuminate\Queue\Console\WorkCommand->fire()
#18 /Applications/XAMPP/xamppfiles/htdocs/TULUPRO/vendor/laravel/framework/src/Illuminate/Container/BoundMethod.php(29): call_user_func_array(Array, Array)
#19 /Applications/XAMPP/xamppfiles/htdocs/TULUPRO/vendor/laravel/framework/src/Illuminate/Container/BoundMethod.php(87): Illuminate\Container\BoundMethod::Illuminate\Container\{closure}()
#20 /Applications/XAMPP/xamppfiles/htdocs/TULUPRO/vendor/laravel/framework/src/Illuminate/Container/BoundMethod.php(31): Illuminate\Container\BoundMethod::callBoundMethod(Object(Illuminate\Foundation\Application), Array, Object(Closure))
#21 /Applications/XAMPP/xamppfiles/htdocs/TULUPRO/vendor/laravel/framework/src/Illuminate/Container/Container.php(539): Illuminate\Container\BoundMethod::call(Object(Illuminate\Foundation\Application), Array, Array, NULL)
#22 /Applications/XAMPP/xamppfiles/htdocs/TULUPRO/vendor/laravel/framework/src/Illuminate/Console/Command.php(182): Illuminate\Container\Container->call(Array)
#23 /Applications/XAMPP/xamppfiles/htdocs/TULUPRO/vendor/symfony/console/Command/Command.php(251): Illuminate\Console\Command->execute(Object(Symfony\Component\Console\Input\ArgvInput), Object(Illuminate\Console\OutputStyle))
#24 /Applications/XAMPP/xamppfiles/htdocs/TULUPRO/vendor/laravel/framework/src/Illuminate/Console/Command.php(167): Symfony\Component\Console\Command\Command->run(Object(Symfony\Component\Console\Input\ArgvInput), Object(Illuminate\Console\OutputStyle))
#25 /Applications/XAMPP/xamppfiles/htdocs/TULUPRO/vendor/symfony/console/Application.php(946): Illuminate\Console\Command->run(Object(Symfony\Component\Console\Input\ArgvInput), Object(Symfony\Component\Console\Output\ConsoleOutput))
#26 /Applications/XAMPP/xamppfiles/htdocs/TULUPRO/vendor/symfony/console/Application.php(248): Symfony\Component\Console\Application->doRunCommand(Object(Illuminate\Queue\Console\WorkCommand), Object(Symfony\Component\Console\Input\ArgvInput), Object(Symfony\Component\Console\Output\ConsoleOutput))
#27 /Applications/XAMPP/xamppfiles/htdocs/TULUPRO/vendor/symfony/console/Application.php(148): Symfony\Component\Console\Application->doRun(Object(Symfony\Component\Console\Input\ArgvInput), Object(Symfony\Component\Console\Output\ConsoleOutput))
#28 /Applications/XAMPP/xamppfiles/htdocs/TULUPRO/vendor/laravel/framework/src/Illuminate/Foundation/Console/Kernel.php(122): Symfony\Component\Console\Application->run(Object(Symfony\Component\Console\Input\ArgvInput), Object(Symfony\Component\Console\Output\ConsoleOutput))
#29 /Applications/XAMPP/xamppfiles/htdocs/TULUPRO/artisan(35): Illuminate\Foundation\Console\Kernel->handle(Object(Symfony\Component\Console\Input\ArgvInput), Object(Symfony\Component\Console\Output\ConsoleOutput))
#30 {main}  
[2018-08-02 19:42:05] local.ERROR: Intervention\Image\Exception\NotWritableException: Can't write image data to path (/Applications/XAMPP/xamppfiles/htdocs/TULUPRO/public/img/downloaded/1503078411.jpg) in /Applications/XAMPP/xamppfiles/htdocs/TULUPRO/vendor/intervention/image/src/Intervention/Image/Image.php:143
Stack trace:
#0 /Applications/XAMPP/xamppfiles/htdocs/TULUPRO/app/Jobs/DownloadImage.php(39): Intervention\Image\Image->save('/Applications/X...')
#1 [internal function]: App\Jobs\DownloadImage->handle()
#2 /Applications/XAMPP/xamppfiles/htdocs/TULUPRO/vendor/laravel/framework/src/Illuminate/Container/BoundMethod.php(29): call_user_func_array(Array, Array)
#3 /Applications/XAMPP/xamppfiles/htdocs/TULUPRO/vendor/laravel/framework/src/Illuminate/Container/BoundMethod.php(87): Illuminate\Container\BoundMethod::Illuminate\Container\{closure}()
#4 /Applications/XAMPP/xamppfiles/htdocs/TULUPRO/vendor/laravel/framework/src/Illuminate/Container/BoundMethod.php(31): Illuminate\Container\BoundMethod::callBoundMethod(Object(Illuminate\Foundation\Application), Array, Object(Closure))
#5 /Applications/XAMPP/xamppfiles/htdocs/TULUPRO/vendor/laravel/framework/src/Illuminate/Container/Container.php(539): Illuminate\Container\BoundMethod::call(Object(Illuminate\Foundation\Application), Array, Array, NULL)
#6 /Applications/XAMPP/xamppfiles/htdocs/TULUPRO/vendor/laravel/framework/src/Illuminate/Bus/Dispatcher.php(94): Illuminate\Container\Container->call(Array)
#7 /Applications/XAMPP/xamppfiles/htdocs/TULUPRO/vendor/laravel/framework/src/Illuminate/Pipeline/Pipeline.php(114): Illuminate\Bus\Dispatcher->Illuminate\Bus\{closure}(Object(App\Jobs\DownloadImage))
#8 /Applications/XAMPP/xamppfiles/htdocs/TULUPRO/vendor/laravel/framework/src/Illuminate/Pipeline/Pipeline.php(102): Illuminate\Pipeline\Pipeline->Illuminate\Pipeline\{closure}(Object(App\Jobs\DownloadImage))
#9 /Applications/XAMPP/xamppfiles/htdocs/TULUPRO/vendor/laravel/framework/src/Illuminate/Bus/Dispatcher.php(98): Illuminate\Pipeline\Pipeline->then(Object(Closure))
#10 /Applications/XAMPP/xamppfiles/htdocs/TULUPRO/vendor/laravel/framework/src/Illuminate/Queue/CallQueuedHandler.php(42): Illuminate\Bus\Dispatcher->dispatchNow(Object(App\Jobs\DownloadImage), false)
#11 /Applications/XAMPP/xamppfiles/htdocs/TULUPRO/vendor/laravel/framework/src/Illuminate/Queue/Jobs/Job.php(69): Illuminate\Queue\CallQueuedHandler->call(Object(Illuminate\Queue\Jobs\DatabaseJob), Array)
#12 /Applications/XAMPP/xamppfiles/htdocs/TULUPRO/vendor/laravel/framework/src/Illuminate/Queue/Worker.php(317): Illuminate\Queue\Jobs\Job->fire()
#13 /Applications/XAMPP/xamppfiles/htdocs/TULUPRO/vendor/laravel/framework/src/Illuminate/Queue/Worker.php(267): Illuminate\Queue\Worker->process('database', Object(Illuminate\Queue\Jobs\DatabaseJob), Object(Illuminate\Queue\WorkerOptions))
#14 /Applications/XAMPP/xamppfiles/htdocs/TULUPRO/vendor/laravel/framework/src/Illuminate/Queue/Worker.php(113): Illuminate\Queue\Worker->runJob(Object(Illuminate\Queue\Jobs\DatabaseJob), 'database', Object(Illuminate\Queue\WorkerOptions))
#15 /Applications/XAMPP/xamppfiles/htdocs/TULUPRO/vendor/laravel/framework/src/Illuminate/Queue/Console/WorkCommand.php(101): Illuminate\Queue\Worker->daemon('database', 'default', Object(Illuminate\Queue\WorkerOptions))
#16 /Applications/XAMPP/xamppfiles/htdocs/TULUPRO/vendor/laravel/framework/src/Illuminate/Queue/Console/WorkCommand.php(85): Illuminate\Queue\Console\WorkCommand->runWorker('database', 'default')
#17 [internal function]: Illuminate\Queue\Console\WorkCommand->fire()
#18 /Applications/XAMPP/xamppfiles/htdocs/TULUPRO/vendor/laravel/framework/src/Illuminate/Container/BoundMethod.php(29): call_user_func_array(Array, Array)
#19 /Applications/XAMPP/xamppfiles/htdocs/TULUPRO/vendor/laravel/framework/src/Illuminate/Container/BoundMethod.php(87): Illuminate\Container\BoundMethod::Illuminate\Container\{closure}()
#20 /Applications/XAMPP/xamppfiles/htdocs/TULUPRO/vendor/laravel/framework/src/Illuminate/Container/BoundMethod.php(31): Illuminate\Container\BoundMethod::callBoundMethod(Object(Illuminate\Foundation\Application), Array, Object(Closure))
#21 /Applications/XAMPP/xamppfiles/htdocs/TULUPRO/vendor/laravel/framework/src/Illuminate/Container/Container.php(539): Illuminate\Container\BoundMethod::call(Object(Illuminate\Foundation\Application), Array, Array, NULL)
#22 /Applications/XAMPP/xamppfiles/htdocs/TULUPRO/vendor/laravel/framework/src/Illuminate/Console/Command.php(182): Illuminate\Container\Container->call(Array)
#23 /Applications/XAMPP/xamppfiles/htdocs/TULUPRO/vendor/symfony/console/Command/Command.php(251): Illuminate\Console\Command->execute(Object(Symfony\Component\Console\Input\ArgvInput), Object(Illuminate\Console\OutputStyle))
#24 /Applications/XAMPP/xamppfiles/htdocs/TULUPRO/vendor/laravel/framework/src/Illuminate/Console/Command.php(167): Symfony\Component\Console\Command\Command->run(Object(Symfony\Component\Console\Input\ArgvInput), Object(Illuminate\Console\OutputStyle))
#25 /Applications/XAMPP/xamppfiles/htdocs/TULUPRO/vendor/symfony/console/Application.php(946): Illuminate\Console\Command->run(Object(Symfony\Component\Console\Input\ArgvInput), Object(Symfony\Component\Console\Output\ConsoleOutput))
#26 /Applications/XAMPP/xamppfiles/htdocs/TULUPRO/vendor/symfony/console/Application.php(248): Symfony\Component\Console\Application->doRunCommand(Object(Illuminate\Queue\Console\WorkCommand), Object(Symfony\Component\Console\Input\ArgvInput), Object(Symfony\Component\Console\Output\ConsoleOutput))
#27 /Applications/XAMPP/xamppfiles/htdocs/TULUPRO/vendor/symfony/console/Application.php(148): Symfony\Component\Console\Application->doRun(Object(Symfony\Component\Console\Input\ArgvInput), Object(Symfony\Component\Console\Output\ConsoleOutput))
#28 /Applications/XAMPP/xamppfiles/htdocs/TULUPRO/vendor/laravel/framework/src/Illuminate/Foundation/Console/Kernel.php(122): Symfony\Component\Console\Application->run(Object(Symfony\Component\Console\Input\ArgvInput), Object(Symfony\Component\Console\Output\ConsoleOutput))
#29 /Applications/XAMPP/xamppfiles/htdocs/TULUPRO/artisan(35): Illuminate\Foundation\Console\Kernel->handle(Object(Symfony\Component\Console\Input\ArgvInput), Object(Symfony\Component\Console\Output\ConsoleOutput))
#30 {main}  
[2018-08-02 19:42:06] local.ERROR: Intervention\Image\Exception\NotWritableException: Can't write image data to path (/Applications/XAMPP/xamppfiles/htdocs/TULUPRO/public/img/downloaded/1503078411.jpg) in /Applications/XAMPP/xamppfiles/htdocs/TULUPRO/vendor/intervention/image/src/Intervention/Image/Image.php:143
Stack trace:
#0 /Applications/XAMPP/xamppfiles/htdocs/TULUPRO/app/Jobs/DownloadImage.php(39): Intervention\Image\Image->save('/Applications/X...')
#1 [internal function]: App\Jobs\DownloadImage->handle()
#2 /Applications/XAMPP/xamppfiles/htdocs/TULUPRO/vendor/laravel/framework/src/Illuminate/Container/BoundMethod.php(29): call_user_func_array(Array, Array)
#3 /Applications/XAMPP/xamppfiles/htdocs/TULUPRO/vendor/laravel/framework/src/Illuminate/Container/BoundMethod.php(87): Illuminate\Container\BoundMethod::Illuminate\Container\{closure}()
#4 /Applications/XAMPP/xamppfiles/htdocs/TULUPRO/vendor/laravel/framework/src/Illuminate/Container/BoundMethod.php(31): Illuminate\Container\BoundMethod::callBoundMethod(Object(Illuminate\Foundation\Application), Array, Object(Closure))
#5 /Applications/XAMPP/xamppfiles/htdocs/TULUPRO/vendor/laravel/framework/src/Illuminate/Container/Container.php(539): Illuminate\Container\BoundMethod::call(Object(Illuminate\Foundation\Application), Array, Array, NULL)
#6 /Applications/XAMPP/xamppfiles/htdocs/TULUPRO/vendor/laravel/framework/src/Illuminate/Bus/Dispatcher.php(94): Illuminate\Container\Container->call(Array)
#7 /Applications/XAMPP/xamppfiles/htdocs/TULUPRO/vendor/laravel/framework/src/Illuminate/Pipeline/Pipeline.php(114): Illuminate\Bus\Dispatcher->Illuminate\Bus\{closure}(Object(App\Jobs\DownloadImage))
#8 /Applications/XAMPP/xamppfiles/htdocs/TULUPRO/vendor/laravel/framework/src/Illuminate/Pipeline/Pipeline.php(102): Illuminate\Pipeline\Pipeline->Illuminate\Pipeline\{closure}(Object(App\Jobs\DownloadImage))
#9 /Applications/XAMPP/xamppfiles/htdocs/TULUPRO/vendor/laravel/framework/src/Illuminate/Bus/Dispatcher.php(98): Illuminate\Pipeline\Pipeline->then(Object(Closure))
#10 /Applications/XAMPP/xamppfiles/htdocs/TULUPRO/vendor/laravel/framework/src/Illuminate/Queue/CallQueuedHandler.php(42): Illuminate\Bus\Dispatcher->dispatchNow(Object(App\Jobs\DownloadImage), false)
#11 /Applications/XAMPP/xamppfiles/htdocs/TULUPRO/vendor/laravel/framework/src/Illuminate/Queue/Jobs/Job.php(69): Illuminate\Queue\CallQueuedHandler->call(Object(Illuminate\Queue\Jobs\DatabaseJob), Array)
#12 /Applications/XAMPP/xamppfiles/htdocs/TULUPRO/vendor/laravel/framework/src/Illuminate/Queue/Worker.php(317): Illuminate\Queue\Jobs\Job->fire()
#13 /Applications/XAMPP/xamppfiles/htdocs/TULUPRO/vendor/laravel/framework/src/Illuminate/Queue/Worker.php(267): Illuminate\Queue\Worker->process('database', Object(Illuminate\Queue\Jobs\DatabaseJob), Object(Illuminate\Queue\WorkerOptions))
#14 /Applications/XAMPP/xamppfiles/htdocs/TULUPRO/vendor/laravel/framework/src/Illuminate/Queue/Worker.php(113): Illuminate\Queue\Worker->runJob(Object(Illuminate\Queue\Jobs\DatabaseJob), 'database', Object(Illuminate\Queue\WorkerOptions))
#15 /Applications/XAMPP/xamppfiles/htdocs/TULUPRO/vendor/laravel/framework/src/Illuminate/Queue/Console/WorkCommand.php(101): Illuminate\Queue\Worker->daemon('database', 'default', Object(Illuminate\Queue\WorkerOptions))
#16 /Applications/XAMPP/xamppfiles/htdocs/TULUPRO/vendor/laravel/framework/src/Illuminate/Queue/Console/WorkCommand.php(85): Illuminate\Queue\Console\WorkCommand->runWorker('database', 'default')
#17 [internal function]: Illuminate\Queue\Console\WorkCommand->fire()
#18 /Applications/XAMPP/xamppfiles/htdocs/TULUPRO/vendor/laravel/framework/src/Illuminate/Container/BoundMethod.php(29): call_user_func_array(Array, Array)
#19 /Applications/XAMPP/xamppfiles/htdocs/TULUPRO/vendor/laravel/framework/src/Illuminate/Container/BoundMethod.php(87): Illuminate\Container\BoundMethod::Illuminate\Container\{closure}()
#20 /Applications/XAMPP/xamppfiles/htdocs/TULUPRO/vendor/laravel/framework/src/Illuminate/Container/BoundMethod.php(31): Illuminate\Container\BoundMethod::callBoundMethod(Object(Illuminate\Foundation\Application), Array, Object(Closure))
#21 /Applications/XAMPP/xamppfiles/htdocs/TULUPRO/vendor/laravel/framework/src/Illuminate/Container/Container.php(539): Illuminate\Container\BoundMethod::call(Object(Illuminate\Foundation\Application), Array, Array, NULL)
#22 /Applications/XAMPP/xamppfiles/htdocs/TULUPRO/vendor/laravel/framework/src/Illuminate/Console/Command.php(182): Illuminate\Container\Container->call(Array)
#23 /Applications/XAMPP/xamppfiles/htdocs/TULUPRO/vendor/symfony/console/Command/Command.php(251): Illuminate\Console\Command->execute(Object(Symfony\Component\Console\Input\ArgvInput), Object(Illuminate\Console\OutputStyle))
#24 /Applications/XAMPP/xamppfiles/htdocs/TULUPRO/vendor/laravel/framework/src/Illuminate/Console/Command.php(167): Symfony\Component\Console\Command\Command->run(Object(Symfony\Component\Console\Input\ArgvInput), Object(Illuminate\Console\OutputStyle))
#25 /Applications/XAMPP/xamppfiles/htdocs/TULUPRO/vendor/symfony/console/Application.php(946): Illuminate\Console\Command->run(Object(Symfony\Component\Console\Input\ArgvInput), Object(Symfony\Component\Console\Output\ConsoleOutput))
#26 /Applications/XAMPP/xamppfiles/htdocs/TULUPRO/vendor/symfony/console/Application.php(248): Symfony\Component\Console\Application->doRunCommand(Object(Illuminate\Queue\Console\WorkCommand), Object(Symfony\Component\Console\Input\ArgvInput), Object(Symfony\Component\Console\Output\ConsoleOutput))
#27 /Applications/XAMPP/xamppfiles/htdocs/TULUPRO/vendor/symfony/console/Application.php(148): Symfony\Component\Console\Application->doRun(Object(Symfony\Component\Console\Input\ArgvInput), Object(Symfony\Component\Console\Output\ConsoleOutput))
#28 /Applications/XAMPP/xamppfiles/htdocs/TULUPRO/vendor/laravel/framework/src/Illuminate/Foundation/Console/Kernel.php(122): Symfony\Component\Console\Application->run(Object(Symfony\Component\Console\Input\ArgvInput), Object(Symfony\Component\Console\Output\ConsoleOutput))
#29 /Applications/XAMPP/xamppfiles/htdocs/TULUPRO/artisan(35): Illuminate\Foundation\Console\Kernel->handle(Object(Symfony\Component\Console\Input\ArgvInput), Object(Symfony\Component\Console\Output\ConsoleOutput))
#30 {main}  
[2018-08-02 19:42:07] local.ERROR: Intervention\Image\Exception\NotWritableException: Can't write image data to path (/Applications/XAMPP/xamppfiles/htdocs/TULUPRO/public/img/downloaded/1503078411.jpg) in /Applications/XAMPP/xamppfiles/htdocs/TULUPRO/vendor/intervention/image/src/Intervention/Image/Image.php:143
Stack trace:
#0 /Applications/XAMPP/xamppfiles/htdocs/TULUPRO/app/Jobs/DownloadImage.php(39): Intervention\Image\Image->save('/Applications/X...')
#1 [internal function]: App\Jobs\DownloadImage->handle()
#2 /Applications/XAMPP/xamppfiles/htdocs/TULUPRO/vendor/laravel/framework/src/Illuminate/Container/BoundMethod.php(29): call_user_func_array(Array, Array)
#3 /Applications/XAMPP/xamppfiles/htdocs/TULUPRO/vendor/laravel/framework/src/Illuminate/Container/BoundMethod.php(87): Illuminate\Container\BoundMethod::Illuminate\Container\{closure}()
#4 /Applications/XAMPP/xamppfiles/htdocs/TULUPRO/vendor/laravel/framework/src/Illuminate/Container/BoundMethod.php(31): Illuminate\Container\BoundMethod::callBoundMethod(Object(Illuminate\Foundation\Application), Array, Object(Closure))
#5 /Applications/XAMPP/xamppfiles/htdocs/TULUPRO/vendor/laravel/framework/src/Illuminate/Container/Container.php(539): Illuminate\Container\BoundMethod::call(Object(Illuminate\Foundation\Application), Array, Array, NULL)
#6 /Applications/XAMPP/xamppfiles/htdocs/TULUPRO/vendor/laravel/framework/src/Illuminate/Bus/Dispatcher.php(94): Illuminate\Container\Container->call(Array)
#7 /Applications/XAMPP/xamppfiles/htdocs/TULUPRO/vendor/laravel/framework/src/Illuminate/Pipeline/Pipeline.php(114): Illuminate\Bus\Dispatcher->Illuminate\Bus\{closure}(Object(App\Jobs\DownloadImage))
#8 /Applications/XAMPP/xamppfiles/htdocs/TULUPRO/vendor/laravel/framework/src/Illuminate/Pipeline/Pipeline.php(102): Illuminate\Pipeline\Pipeline->Illuminate\Pipeline\{closure}(Object(App\Jobs\DownloadImage))
#9 /Applications/XAMPP/xamppfiles/htdocs/TULUPRO/vendor/laravel/framework/src/Illuminate/Bus/Dispatcher.php(98): Illuminate\Pipeline\Pipeline->then(Object(Closure))
#10 /Applications/XAMPP/xamppfiles/htdocs/TULUPRO/vendor/laravel/framework/src/Illuminate/Queue/CallQueuedHandler.php(42): Illuminate\Bus\Dispatcher->dispatchNow(Object(App\Jobs\DownloadImage), false)
#11 /Applications/XAMPP/xamppfiles/htdocs/TULUPRO/vendor/laravel/framework/src/Illuminate/Queue/Jobs/Job.php(69): Illuminate\Queue\CallQueuedHandler->call(Object(Illuminate\Queue\Jobs\DatabaseJob), Array)
#12 /Applications/XAMPP/xamppfiles/htdocs/TULUPRO/vendor/laravel/framework/src/Illuminate/Queue/Worker.php(317): Illuminate\Queue\Jobs\Job->fire()
#13 /Applications/XAMPP/xamppfiles/htdocs/TULUPRO/vendor/laravel/framework/src/Illuminate/Queue/Worker.php(267): Illuminate\Queue\Worker->process('database', Object(Illuminate\Queue\Jobs\DatabaseJob), Object(Illuminate\Queue\WorkerOptions))
#14 /Applications/XAMPP/xamppfiles/htdocs/TULUPRO/vendor/laravel/framework/src/Illuminate/Queue/Worker.php(113): Illuminate\Queue\Worker->runJob(Object(Illuminate\Queue\Jobs\DatabaseJob), 'database', Object(Illuminate\Queue\WorkerOptions))
#15 /Applications/XAMPP/xamppfiles/htdocs/TULUPRO/vendor/laravel/framework/src/Illuminate/Queue/Console/WorkCommand.php(101): Illuminate\Queue\Worker->daemon('database', 'default', Object(Illuminate\Queue\WorkerOptions))
#16 /Applications/XAMPP/xamppfiles/htdocs/TULUPRO/vendor/laravel/framework/src/Illuminate/Queue/Console/WorkCommand.php(85): Illuminate\Queue\Console\WorkCommand->runWorker('database', 'default')
#17 [internal function]: Illuminate\Queue\Console\WorkCommand->fire()
#18 /Applications/XAMPP/xamppfiles/htdocs/TULUPRO/vendor/laravel/framework/src/Illuminate/Container/BoundMethod.php(29): call_user_func_array(Array, Array)
#19 /Applications/XAMPP/xamppfiles/htdocs/TULUPRO/vendor/laravel/framework/src/Illuminate/Container/BoundMethod.php(87): Illuminate\Container\BoundMethod::Illuminate\Container\{closure}()
#20 /Applications/XAMPP/xamppfiles/htdocs/TULUPRO/vendor/laravel/framework/src/Illuminate/Container/BoundMethod.php(31): Illuminate\Container\BoundMethod::callBoundMethod(Object(Illuminate\Foundation\Application), Array, Object(Closure))
#21 /Applications/XAMPP/xamppfiles/htdocs/TULUPRO/vendor/laravel/framework/src/Illuminate/Container/Container.php(539): Illuminate\Container\BoundMethod::call(Object(Illuminate\Foundation\Application), Array, Array, NULL)
#22 /Applications/XAMPP/xamppfiles/htdocs/TULUPRO/vendor/laravel/framework/src/Illuminate/Console/Command.php(182): Illuminate\Container\Container->call(Array)
#23 /Applications/XAMPP/xamppfiles/htdocs/TULUPRO/vendor/symfony/console/Command/Command.php(251): Illuminate\Console\Command->execute(Object(Symfony\Component\Console\Input\ArgvInput), Object(Illuminate\Console\OutputStyle))
#24 /Applications/XAMPP/xamppfiles/htdocs/TULUPRO/vendor/laravel/framework/src/Illuminate/Console/Command.php(167): Symfony\Component\Console\Command\Command->run(Object(Symfony\Component\Console\Input\ArgvInput), Object(Illuminate\Console\OutputStyle))
#25 /Applications/XAMPP/xamppfiles/htdocs/TULUPRO/vendor/symfony/console/Application.php(946): Illuminate\Console\Command->run(Object(Symfony\Component\Console\Input\ArgvInput), Object(Symfony\Component\Console\Output\ConsoleOutput))
#26 /Applications/XAMPP/xamppfiles/htdocs/TULUPRO/vendor/symfony/console/Application.php(248): Symfony\Component\Console\Application->doRunCommand(Object(Illuminate\Queue\Console\WorkCommand), Object(Symfony\Component\Console\Input\ArgvInput), Object(Symfony\Component\Console\Output\ConsoleOutput))
#27 /Applications/XAMPP/xamppfiles/htdocs/TULUPRO/vendor/symfony/console/Application.php(148): Symfony\Component\Console\Application->doRun(Object(Symfony\Component\Console\Input\ArgvInput), Object(Symfony\Component\Console\Output\ConsoleOutput))
#28 /Applications/XAMPP/xamppfiles/htdocs/TULUPRO/vendor/laravel/framework/src/Illuminate/Foundation/Console/Kernel.php(122): Symfony\Component\Console\Application->run(Object(Symfony\Component\Console\Input\ArgvInput), Object(Symfony\Component\Console\Output\ConsoleOutput))
#29 /Applications/XAMPP/xamppfiles/htdocs/TULUPRO/artisan(35): Illuminate\Foundation\Console\Kernel->handle(Object(Symfony\Component\Console\Input\ArgvInput), Object(Symfony\Component\Console\Output\ConsoleOutput))
#30 {main}  
[2018-08-02 19:42:08] local.ERROR: Intervention\Image\Exception\NotWritableException: Can't write image data to path (/Applications/XAMPP/xamppfiles/htdocs/TULUPRO/public/img/downloaded/1503078411.jpg) in /Applications/XAMPP/xamppfiles/htdocs/TULUPRO/vendor/intervention/image/src/Intervention/Image/Image.php:143
Stack trace:
#0 /Applications/XAMPP/xamppfiles/htdocs/TULUPRO/app/Jobs/DownloadImage.php(39): Intervention\Image\Image->save('/Applications/X...')
#1 [internal function]: App\Jobs\DownloadImage->handle()
#2 /Applications/XAMPP/xamppfiles/htdocs/TULUPRO/vendor/laravel/framework/src/Illuminate/Container/BoundMethod.php(29): call_user_func_array(Array, Array)
#3 /Applications/XAMPP/xamppfiles/htdocs/TULUPRO/vendor/laravel/framework/src/Illuminate/Container/BoundMethod.php(87): Illuminate\Container\BoundMethod::Illuminate\Container\{closure}()
#4 /Applications/XAMPP/xamppfiles/htdocs/TULUPRO/vendor/laravel/framework/src/Illuminate/Container/BoundMethod.php(31): Illuminate\Container\BoundMethod::callBoundMethod(Object(Illuminate\Foundation\Application), Array, Object(Closure))
#5 /Applications/XAMPP/xamppfiles/htdocs/TULUPRO/vendor/laravel/framework/src/Illuminate/Container/Container.php(539): Illuminate\Container\BoundMethod::call(Object(Illuminate\Foundation\Application), Array, Array, NULL)
#6 /Applications/XAMPP/xamppfiles/htdocs/TULUPRO/vendor/laravel/framework/src/Illuminate/Bus/Dispatcher.php(94): Illuminate\Container\Container->call(Array)
#7 /Applications/XAMPP/xamppfiles/htdocs/TULUPRO/vendor/laravel/framework/src/Illuminate/Pipeline/Pipeline.php(114): Illuminate\Bus\Dispatcher->Illuminate\Bus\{closure}(Object(App\Jobs\DownloadImage))
#8 /Applications/XAMPP/xamppfiles/htdocs/TULUPRO/vendor/laravel/framework/src/Illuminate/Pipeline/Pipeline.php(102): Illuminate\Pipeline\Pipeline->Illuminate\Pipeline\{closure}(Object(App\Jobs\DownloadImage))
#9 /Applications/XAMPP/xamppfiles/htdocs/TULUPRO/vendor/laravel/framework/src/Illuminate/Bus/Dispatcher.php(98): Illuminate\Pipeline\Pipeline->then(Object(Closure))
#10 /Applications/XAMPP/xamppfiles/htdocs/TULUPRO/vendor/laravel/framework/src/Illuminate/Queue/CallQueuedHandler.php(42): Illuminate\Bus\Dispatcher->dispatchNow(Object(App\Jobs\DownloadImage), false)
#11 /Applications/XAMPP/xamppfiles/htdocs/TULUPRO/vendor/laravel/framework/src/Illuminate/Queue/Jobs/Job.php(69): Illuminate\Queue\CallQueuedHandler->call(Object(Illuminate\Queue\Jobs\DatabaseJob), Array)
#12 /Applications/XAMPP/xamppfiles/htdocs/TULUPRO/vendor/laravel/framework/src/Illuminate/Queue/Worker.php(317): Illuminate\Queue\Jobs\Job->fire()
#13 /Applications/XAMPP/xamppfiles/htdocs/TULUPRO/vendor/laravel/framework/src/Illuminate/Queue/Worker.php(267): Illuminate\Queue\Worker->process('database', Object(Illuminate\Queue\Jobs\DatabaseJob), Object(Illuminate\Queue\WorkerOptions))
#14 /Applications/XAMPP/xamppfiles/htdocs/TULUPRO/vendor/laravel/framework/src/Illuminate/Queue/Worker.php(113): Illuminate\Queue\Worker->runJob(Object(Illuminate\Queue\Jobs\DatabaseJob), 'database', Object(Illuminate\Queue\WorkerOptions))
#15 /Applications/XAMPP/xamppfiles/htdocs/TULUPRO/vendor/laravel/framework/src/Illuminate/Queue/Console/WorkCommand.php(101): Illuminate\Queue\Worker->daemon('database', 'default', Object(Illuminate\Queue\WorkerOptions))
#16 /Applications/XAMPP/xamppfiles/htdocs/TULUPRO/vendor/laravel/framework/src/Illuminate/Queue/Console/WorkCommand.php(85): Illuminate\Queue\Console\WorkCommand->runWorker('database', 'default')
#17 [internal function]: Illuminate\Queue\Console\WorkCommand->fire()
#18 /Applications/XAMPP/xamppfiles/htdocs/TULUPRO/vendor/laravel/framework/src/Illuminate/Container/BoundMethod.php(29): call_user_func_array(Array, Array)
#19 /Applications/XAMPP/xamppfiles/htdocs/TULUPRO/vendor/laravel/framework/src/Illuminate/Container/BoundMethod.php(87): Illuminate\Container\BoundMethod::Illuminate\Container\{closure}()
#20 /Applications/XAMPP/xamppfiles/htdocs/TULUPRO/vendor/laravel/framework/src/Illuminate/Container/BoundMethod.php(31): Illuminate\Container\BoundMethod::callBoundMethod(Object(Illuminate\Foundation\Application), Array, Object(Closure))
#21 /Applications/XAMPP/xamppfiles/htdocs/TULUPRO/vendor/laravel/framework/src/Illuminate/Container/Container.php(539): Illuminate\Container\BoundMethod::call(Object(Illuminate\Foundation\Application), Array, Array, NULL)
#22 /Applications/XAMPP/xamppfiles/htdocs/TULUPRO/vendor/laravel/framework/src/Illuminate/Console/Command.php(182): Illuminate\Container\Container->call(Array)
#23 /Applications/XAMPP/xamppfiles/htdocs/TULUPRO/vendor/symfony/console/Command/Command.php(251): Illuminate\Console\Command->execute(Object(Symfony\Component\Console\Input\ArgvInput), Object(Illuminate\Console\OutputStyle))
#24 /Applications/XAMPP/xamppfiles/htdocs/TULUPRO/vendor/laravel/framework/src/Illuminate/Console/Command.php(167): Symfony\Component\Console\Command\Command->run(Object(Symfony\Component\Console\Input\ArgvInput), Object(Illuminate\Console\OutputStyle))
#25 /Applications/XAMPP/xamppfiles/htdocs/TULUPRO/vendor/symfony/console/Application.php(946): Illuminate\Console\Command->run(Object(Symfony\Component\Console\Input\ArgvInput), Object(Symfony\Component\Console\Output\ConsoleOutput))
#26 /Applications/XAMPP/xamppfiles/htdocs/TULUPRO/vendor/symfony/console/Application.php(248): Symfony\Component\Console\Application->doRunCommand(Object(Illuminate\Queue\Console\WorkCommand), Object(Symfony\Component\Console\Input\ArgvInput), Object(Symfony\Component\Console\Output\ConsoleOutput))
#27 /Applications/XAMPP/xamppfiles/htdocs/TULUPRO/vendor/symfony/console/Application.php(148): Symfony\Component\Console\Application->doRun(Object(Symfony\Component\Console\Input\ArgvInput), Object(Symfony\Component\Console\Output\ConsoleOutput))
#28 /Applications/XAMPP/xamppfiles/htdocs/TULUPRO/vendor/laravel/framework/src/Illuminate/Foundation/Console/Kernel.php(122): Symfony\Component\Console\Application->run(Object(Symfony\Component\Console\Input\ArgvInput), Object(Symfony\Component\Console\Output\ConsoleOutput))
#29 /Applications/XAMPP/xamppfiles/htdocs/TULUPRO/artisan(35): Illuminate\Foundation\Console\Kernel->handle(Object(Symfony\Component\Console\Input\ArgvInput), Object(Symfony\Component\Console\Output\ConsoleOutput))
#30 {main}  
[2018-08-02 19:42:08] local.ERROR: Intervention\Image\Exception\NotWritableException: Can't write image data to path (/Applications/XAMPP/xamppfiles/htdocs/TULUPRO/public/img/downloaded/1503078417.jpg) in /Applications/XAMPP/xamppfiles/htdocs/TULUPRO/vendor/intervention/image/src/Intervention/Image/Image.php:143
Stack trace:
#0 /Applications/XAMPP/xamppfiles/htdocs/TULUPRO/app/Jobs/DownloadImage.php(39): Intervention\Image\Image->save('/Applications/X...')
#1 [internal function]: App\Jobs\DownloadImage->handle()
#2 /Applications/XAMPP/xamppfiles/htdocs/TULUPRO/vendor/laravel/framework/src/Illuminate/Container/BoundMethod.php(29): call_user_func_array(Array, Array)
#3 /Applications/XAMPP/xamppfiles/htdocs/TULUPRO/vendor/laravel/framework/src/Illuminate/Container/BoundMethod.php(87): Illuminate\Container\BoundMethod::Illuminate\Container\{closure}()
#4 /Applications/XAMPP/xamppfiles/htdocs/TULUPRO/vendor/laravel/framework/src/Illuminate/Container/BoundMethod.php(31): Illuminate\Container\BoundMethod::callBoundMethod(Object(Illuminate\Foundation\Application), Array, Object(Closure))
#5 /Applications/XAMPP/xamppfiles/htdocs/TULUPRO/vendor/laravel/framework/src/Illuminate/Container/Container.php(539): Illuminate\Container\BoundMethod::call(Object(Illuminate\Foundation\Application), Array, Array, NULL)
#6 /Applications/XAMPP/xamppfiles/htdocs/TULUPRO/vendor/laravel/framework/src/Illuminate/Bus/Dispatcher.php(94): Illuminate\Container\Container->call(Array)
#7 /Applications/XAMPP/xamppfiles/htdocs/TULUPRO/vendor/laravel/framework/src/Illuminate/Pipeline/Pipeline.php(114): Illuminate\Bus\Dispatcher->Illuminate\Bus\{closure}(Object(App\Jobs\DownloadImage))
#8 /Applications/XAMPP/xamppfiles/htdocs/TULUPRO/vendor/laravel/framework/src/Illuminate/Pipeline/Pipeline.php(102): Illuminate\Pipeline\Pipeline->Illuminate\Pipeline\{closure}(Object(App\Jobs\DownloadImage))
#9 /Applications/XAMPP/xamppfiles/htdocs/TULUPRO/vendor/laravel/framework/src/Illuminate/Bus/Dispatcher.php(98): Illuminate\Pipeline\Pipeline->then(Object(Closure))
#10 /Applications/XAMPP/xamppfiles/htdocs/TULUPRO/vendor/laravel/framework/src/Illuminate/Queue/CallQueuedHandler.php(42): Illuminate\Bus\Dispatcher->dispatchNow(Object(App\Jobs\DownloadImage), false)
#11 /Applications/XAMPP/xamppfiles/htdocs/TULUPRO/vendor/laravel/framework/src/Illuminate/Queue/Jobs/Job.php(69): Illuminate\Queue\CallQueuedHandler->call(Object(Illuminate\Queue\Jobs\DatabaseJob), Array)
#12 /Applications/XAMPP/xamppfiles/htdocs/TULUPRO/vendor/laravel/framework/src/Illuminate/Queue/Worker.php(317): Illuminate\Queue\Jobs\Job->fire()
#13 /Applications/XAMPP/xamppfiles/htdocs/TULUPRO/vendor/laravel/framework/src/Illuminate/Queue/Worker.php(267): Illuminate\Queue\Worker->process('database', Object(Illuminate\Queue\Jobs\DatabaseJob), Object(Illuminate\Queue\WorkerOptions))
#14 /Applications/XAMPP/xamppfiles/htdocs/TULUPRO/vendor/laravel/framework/src/Illuminate/Queue/Worker.php(113): Illuminate\Queue\Worker->runJob(Object(Illuminate\Queue\Jobs\DatabaseJob), 'database', Object(Illuminate\Queue\WorkerOptions))
#15 /Applications/XAMPP/xamppfiles/htdocs/TULUPRO/vendor/laravel/framework/src/Illuminate/Queue/Console/WorkCommand.php(101): Illuminate\Queue\Worker->daemon('database', 'default', Object(Illuminate\Queue\WorkerOptions))
#16 /Applications/XAMPP/xamppfiles/htdocs/TULUPRO/vendor/laravel/framework/src/Illuminate/Queue/Console/WorkCommand.php(85): Illuminate\Queue\Console\WorkCommand->runWorker('database', 'default')
#17 [internal function]: Illuminate\Queue\Console\WorkCommand->fire()
#18 /Applications/XAMPP/xamppfiles/htdocs/TULUPRO/vendor/laravel/framework/src/Illuminate/Container/BoundMethod.php(29): call_user_func_array(Array, Array)
#19 /Applications/XAMPP/xamppfiles/htdocs/TULUPRO/vendor/laravel/framework/src/Illuminate/Container/BoundMethod.php(87): Illuminate\Container\BoundMethod::Illuminate\Container\{closure}()
#20 /Applications/XAMPP/xamppfiles/htdocs/TULUPRO/vendor/laravel/framework/src/Illuminate/Container/BoundMethod.php(31): Illuminate\Container\BoundMethod::callBoundMethod(Object(Illuminate\Foundation\Application), Array, Object(Closure))
#21 /Applications/XAMPP/xamppfiles/htdocs/TULUPRO/vendor/laravel/framework/src/Illuminate/Container/Container.php(539): Illuminate\Container\BoundMethod::call(Object(Illuminate\Foundation\Application), Array, Array, NULL)
#22 /Applications/XAMPP/xamppfiles/htdocs/TULUPRO/vendor/laravel/framework/src/Illuminate/Console/Command.php(182): Illuminate\Container\Container->call(Array)
#23 /Applications/XAMPP/xamppfiles/htdocs/TULUPRO/vendor/symfony/console/Command/Command.php(251): Illuminate\Console\Command->execute(Object(Symfony\Component\Console\Input\ArgvInput), Object(Illuminate\Console\OutputStyle))
#24 /Applications/XAMPP/xamppfiles/htdocs/TULUPRO/vendor/laravel/framework/src/Illuminate/Console/Command.php(167): Symfony\Component\Console\Command\Command->run(Object(Symfony\Component\Console\Input\ArgvInput), Object(Illuminate\Console\OutputStyle))
#25 /Applications/XAMPP/xamppfiles/htdocs/TULUPRO/vendor/symfony/console/Application.php(946): Illuminate\Console\Command->run(Object(Symfony\Component\Console\Input\ArgvInput), Object(Symfony\Component\Console\Output\ConsoleOutput))
#26 /Applications/XAMPP/xamppfiles/htdocs/TULUPRO/vendor/symfony/console/Application.php(248): Symfony\Component\Console\Application->doRunCommand(Object(Illuminate\Queue\Console\WorkCommand), Object(Symfony\Component\Console\Input\ArgvInput), Object(Symfony\Component\Console\Output\ConsoleOutput))
#27 /Applications/XAMPP/xamppfiles/htdocs/TULUPRO/vendor/symfony/console/Application.php(148): Symfony\Component\Console\Application->doRun(Object(Symfony\Component\Console\Input\ArgvInput), Object(Symfony\Component\Console\Output\ConsoleOutput))
#28 /Applications/XAMPP/xamppfiles/htdocs/TULUPRO/vendor/laravel/framework/src/Illuminate/Foundation/Console/Kernel.php(122): Symfony\Component\Console\Application->run(Object(Symfony\Component\Console\Input\ArgvInput), Object(Symfony\Component\Console\Output\ConsoleOutput))
#29 /Applications/XAMPP/xamppfiles/htdocs/TULUPRO/artisan(35): Illuminate\Foundation\Console\Kernel->handle(Object(Symfony\Component\Console\Input\ArgvInput), Object(Symfony\Component\Console\Output\ConsoleOutput))
#30 {main}  
[2018-08-02 19:42:08] local.ERROR: Intervention\Image\Exception\NotWritableException: Can't write image data to path (/Applications/XAMPP/xamppfiles/htdocs/TULUPRO/public/img/downloaded/1503078417.jpg) in /Applications/XAMPP/xamppfiles/htdocs/TULUPRO/vendor/intervention/image/src/Intervention/Image/Image.php:143
Stack trace:
#0 /Applications/XAMPP/xamppfiles/htdocs/TULUPRO/app/Jobs/DownloadImage.php(39): Intervention\Image\Image->save('/Applications/X...')
#1 [internal function]: App\Jobs\DownloadImage->handle()
#2 /Applications/XAMPP/xamppfiles/htdocs/TULUPRO/vendor/laravel/framework/src/Illuminate/Container/BoundMethod.php(29): call_user_func_array(Array, Array)
#3 /Applications/XAMPP/xamppfiles/htdocs/TULUPRO/vendor/laravel/framework/src/Illuminate/Container/BoundMethod.php(87): Illuminate\Container\BoundMethod::Illuminate\Container\{closure}()
#4 /Applications/XAMPP/xamppfiles/htdocs/TULUPRO/vendor/laravel/framework/src/Illuminate/Container/BoundMethod.php(31): Illuminate\Container\BoundMethod::callBoundMethod(Object(Illuminate\Foundation\Application), Array, Object(Closure))
#5 /Applications/XAMPP/xamppfiles/htdocs/TULUPRO/vendor/laravel/framework/src/Illuminate/Container/Container.php(539): Illuminate\Container\BoundMethod::call(Object(Illuminate\Foundation\Application), Array, Array, NULL)
#6 /Applications/XAMPP/xamppfiles/htdocs/TULUPRO/vendor/laravel/framework/src/Illuminate/Bus/Dispatcher.php(94): Illuminate\Container\Container->call(Array)
#7 /Applications/XAMPP/xamppfiles/htdocs/TULUPRO/vendor/laravel/framework/src/Illuminate/Pipeline/Pipeline.php(114): Illuminate\Bus\Dispatcher->Illuminate\Bus\{closure}(Object(App\Jobs\DownloadImage))
#8 /Applications/XAMPP/xamppfiles/htdocs/TULUPRO/vendor/laravel/framework/src/Illuminate/Pipeline/Pipeline.php(102): Illuminate\Pipeline\Pipeline->Illuminate\Pipeline\{closure}(Object(App\Jobs\DownloadImage))
#9 /Applications/XAMPP/xamppfiles/htdocs/TULUPRO/vendor/laravel/framework/src/Illuminate/Bus/Dispatcher.php(98): Illuminate\Pipeline\Pipeline->then(Object(Closure))
#10 /Applications/XAMPP/xamppfiles/htdocs/TULUPRO/vendor/laravel/framework/src/Illuminate/Queue/CallQueuedHandler.php(42): Illuminate\Bus\Dispatcher->dispatchNow(Object(App\Jobs\DownloadImage), false)
#11 /Applications/XAMPP/xamppfiles/htdocs/TULUPRO/vendor/laravel/framework/src/Illuminate/Queue/Jobs/Job.php(69): Illuminate\Queue\CallQueuedHandler->call(Object(Illuminate\Queue\Jobs\DatabaseJob), Array)
#12 /Applications/XAMPP/xamppfiles/htdocs/TULUPRO/vendor/laravel/framework/src/Illuminate/Queue/Worker.php(317): Illuminate\Queue\Jobs\Job->fire()
#13 /Applications/XAMPP/xamppfiles/htdocs/TULUPRO/vendor/laravel/framework/src/Illuminate/Queue/Worker.php(267): Illuminate\Queue\Worker->process('database', Object(Illuminate\Queue\Jobs\DatabaseJob), Object(Illuminate\Queue\WorkerOptions))
#14 /Applications/XAMPP/xamppfiles/htdocs/TULUPRO/vendor/laravel/framework/src/Illuminate/Queue/Worker.php(113): Illuminate\Queue\Worker->runJob(Object(Illuminate\Queue\Jobs\DatabaseJob), 'database', Object(Illuminate\Queue\WorkerOptions))
#15 /Applications/XAMPP/xamppfiles/htdocs/TULUPRO/vendor/laravel/framework/src/Illuminate/Queue/Console/WorkCommand.php(101): Illuminate\Queue\Worker->daemon('database', 'default', Object(Illuminate\Queue\WorkerOptions))
#16 /Applications/XAMPP/xamppfiles/htdocs/TULUPRO/vendor/laravel/framework/src/Illuminate/Queue/Console/WorkCommand.php(85): Illuminate\Queue\Console\WorkCommand->runWorker('database', 'default')
#17 [internal function]: Illuminate\Queue\Console\WorkCommand->fire()
#18 /Applications/XAMPP/xamppfiles/htdocs/TULUPRO/vendor/laravel/framework/src/Illuminate/Container/BoundMethod.php(29): call_user_func_array(Array, Array)
#19 /Applications/XAMPP/xamppfiles/htdocs/TULUPRO/vendor/laravel/framework/src/Illuminate/Container/BoundMethod.php(87): Illuminate\Container\BoundMethod::Illuminate\Container\{closure}()
#20 /Applications/XAMPP/xamppfiles/htdocs/TULUPRO/vendor/laravel/framework/src/Illuminate/Container/BoundMethod.php(31): Illuminate\Container\BoundMethod::callBoundMethod(Object(Illuminate\Foundation\Application), Array, Object(Closure))
#21 /Applications/XAMPP/xamppfiles/htdocs/TULUPRO/vendor/laravel/framework/src/Illuminate/Container/Container.php(539): Illuminate\Container\BoundMethod::call(Object(Illuminate\Foundation\Application), Array, Array, NULL)
#22 /Applications/XAMPP/xamppfiles/htdocs/TULUPRO/vendor/laravel/framework/src/Illuminate/Console/Command.php(182): Illuminate\Container\Container->call(Array)
#23 /Applications/XAMPP/xamppfiles/htdocs/TULUPRO/vendor/symfony/console/Command/Command.php(251): Illuminate\Console\Command->execute(Object(Symfony\Component\Console\Input\ArgvInput), Object(Illuminate\Console\OutputStyle))
#24 /Applications/XAMPP/xamppfiles/htdocs/TULUPRO/vendor/laravel/framework/src/Illuminate/Console/Command.php(167): Symfony\Component\Console\Command\Command->run(Object(Symfony\Component\Console\Input\ArgvInput), Object(Illuminate\Console\OutputStyle))
#25 /Applications/XAMPP/xamppfiles/htdocs/TULUPRO/vendor/symfony/console/Application.php(946): Illuminate\Console\Command->run(Object(Symfony\Component\Console\Input\ArgvInput), Object(Symfony\Component\Console\Output\ConsoleOutput))
#26 /Applications/XAMPP/xamppfiles/htdocs/TULUPRO/vendor/symfony/console/Application.php(248): Symfony\Component\Console\Application->doRunCommand(Object(Illuminate\Queue\Console\WorkCommand), Object(Symfony\Component\Console\Input\ArgvInput), Object(Symfony\Component\Console\Output\ConsoleOutput))
#27 /Applications/XAMPP/xamppfiles/htdocs/TULUPRO/vendor/symfony/console/Application.php(148): Symfony\Component\Console\Application->doRun(Object(Symfony\Component\Console\Input\ArgvInput), Object(Symfony\Component\Console\Output\ConsoleOutput))
#28 /Applications/XAMPP/xamppfiles/htdocs/TULUPRO/vendor/laravel/framework/src/Illuminate/Foundation/Console/Kernel.php(122): Symfony\Component\Console\Application->run(Object(Symfony\Component\Console\Input\ArgvInput), Object(Symfony\Component\Console\Output\ConsoleOutput))
#29 /Applications/XAMPP/xamppfiles/htdocs/TULUPRO/artisan(35): Illuminate\Foundation\Console\Kernel->handle(Object(Symfony\Component\Console\Input\ArgvInput), Object(Symfony\Component\Console\Output\ConsoleOutput))
#30 {main}  
[2018-08-02 19:42:09] local.ERROR: Intervention\Image\Exception\NotWritableException: Can't write image data to path (/Applications/XAMPP/xamppfiles/htdocs/TULUPRO/public/img/downloaded/1503078417.jpg) in /Applications/XAMPP/xamppfiles/htdocs/TULUPRO/vendor/intervention/image/src/Intervention/Image/Image.php:143
Stack trace:
#0 /Applications/XAMPP/xamppfiles/htdocs/TULUPRO/app/Jobs/DownloadImage.php(39): Intervention\Image\Image->save('/Applications/X...')
#1 [internal function]: App\Jobs\DownloadImage->handle()
#2 /Applications/XAMPP/xamppfiles/htdocs/TULUPRO/vendor/laravel/framework/src/Illuminate/Container/BoundMethod.php(29): call_user_func_array(Array, Array)
#3 /Applications/XAMPP/xamppfiles/htdocs/TULUPRO/vendor/laravel/framework/src/Illuminate/Container/BoundMethod.php(87): Illuminate\Container\BoundMethod::Illuminate\Container\{closure}()
#4 /Applications/XAMPP/xamppfiles/htdocs/TULUPRO/vendor/laravel/framework/src/Illuminate/Container/BoundMethod.php(31): Illuminate\Container\BoundMethod::callBoundMethod(Object(Illuminate\Foundation\Application), Array, Object(Closure))
#5 /Applications/XAMPP/xamppfiles/htdocs/TULUPRO/vendor/laravel/framework/src/Illuminate/Container/Container.php(539): Illuminate\Container\BoundMethod::call(Object(Illuminate\Foundation\Application), Array, Array, NULL)
#6 /Applications/XAMPP/xamppfiles/htdocs/TULUPRO/vendor/laravel/framework/src/Illuminate/Bus/Dispatcher.php(94): Illuminate\Container\Container->call(Array)
#7 /Applications/XAMPP/xamppfiles/htdocs/TULUPRO/vendor/laravel/framework/src/Illuminate/Pipeline/Pipeline.php(114): Illuminate\Bus\Dispatcher->Illuminate\Bus\{closure}(Object(App\Jobs\DownloadImage))
#8 /Applications/XAMPP/xamppfiles/htdocs/TULUPRO/vendor/laravel/framework/src/Illuminate/Pipeline/Pipeline.php(102): Illuminate\Pipeline\Pipeline->Illuminate\Pipeline\{closure}(Object(App\Jobs\DownloadImage))
#9 /Applications/XAMPP/xamppfiles/htdocs/TULUPRO/vendor/laravel/framework/src/Illuminate/Bus/Dispatcher.php(98): Illuminate\Pipeline\Pipeline->then(Object(Closure))
#10 /Applications/XAMPP/xamppfiles/htdocs/TULUPRO/vendor/laravel/framework/src/Illuminate/Queue/CallQueuedHandler.php(42): Illuminate\Bus\Dispatcher->dispatchNow(Object(App\Jobs\DownloadImage), false)
#11 /Applications/XAMPP/xamppfiles/htdocs/TULUPRO/vendor/laravel/framework/src/Illuminate/Queue/Jobs/Job.php(69): Illuminate\Queue\CallQueuedHandler->call(Object(Illuminate\Queue\Jobs\DatabaseJob), Array)
#12 /Applications/XAMPP/xamppfiles/htdocs/TULUPRO/vendor/laravel/framework/src/Illuminate/Queue/Worker.php(317): Illuminate\Queue\Jobs\Job->fire()
#13 /Applications/XAMPP/xamppfiles/htdocs/TULUPRO/vendor/laravel/framework/src/Illuminate/Queue/Worker.php(267): Illuminate\Queue\Worker->process('database', Object(Illuminate\Queue\Jobs\DatabaseJob), Object(Illuminate\Queue\WorkerOptions))
#14 /Applications/XAMPP/xamppfiles/htdocs/TULUPRO/vendor/laravel/framework/src/Illuminate/Queue/Worker.php(113): Illuminate\Queue\Worker->runJob(Object(Illuminate\Queue\Jobs\DatabaseJob), 'database', Object(Illuminate\Queue\WorkerOptions))
#15 /Applications/XAMPP/xamppfiles/htdocs/TULUPRO/vendor/laravel/framework/src/Illuminate/Queue/Console/WorkCommand.php(101): Illuminate\Queue\Worker->daemon('database', 'default', Object(Illuminate\Queue\WorkerOptions))
#16 /Applications/XAMPP/xamppfiles/htdocs/TULUPRO/vendor/laravel/framework/src/Illuminate/Queue/Console/WorkCommand.php(85): Illuminate\Queue\Console\WorkCommand->runWorker('database', 'default')
#17 [internal function]: Illuminate\Queue\Console\WorkCommand->fire()
#18 /Applications/XAMPP/xamppfiles/htdocs/TULUPRO/vendor/laravel/framework/src/Illuminate/Container/BoundMethod.php(29): call_user_func_array(Array, Array)
#19 /Applications/XAMPP/xamppfiles/htdocs/TULUPRO/vendor/laravel/framework/src/Illuminate/Container/BoundMethod.php(87): Illuminate\Container\BoundMethod::Illuminate\Container\{closure}()
#20 /Applications/XAMPP/xamppfiles/htdocs/TULUPRO/vendor/laravel/framework/src/Illuminate/Container/BoundMethod.php(31): Illuminate\Container\BoundMethod::callBoundMethod(Object(Illuminate\Foundation\Application), Array, Object(Closure))
#21 /Applications/XAMPP/xamppfiles/htdocs/TULUPRO/vendor/laravel/framework/src/Illuminate/Container/Container.php(539): Illuminate\Container\BoundMethod::call(Object(Illuminate\Foundation\Application), Array, Array, NULL)
#22 /Applications/XAMPP/xamppfiles/htdocs/TULUPRO/vendor/laravel/framework/src/Illuminate/Console/Command.php(182): Illuminate\Container\Container->call(Array)
#23 /Applications/XAMPP/xamppfiles/htdocs/TULUPRO/vendor/symfony/console/Command/Command.php(251): Illuminate\Console\Command->execute(Object(Symfony\Component\Console\Input\ArgvInput), Object(Illuminate\Console\OutputStyle))
#24 /Applications/XAMPP/xamppfiles/htdocs/TULUPRO/vendor/laravel/framework/src/Illuminate/Console/Command.php(167): Symfony\Component\Console\Command\Command->run(Object(Symfony\Component\Console\Input\ArgvInput), Object(Illuminate\Console\OutputStyle))
#25 /Applications/XAMPP/xamppfiles/htdocs/TULUPRO/vendor/symfony/console/Application.php(946): Illuminate\Console\Command->run(Object(Symfony\Component\Console\Input\ArgvInput), Object(Symfony\Component\Console\Output\ConsoleOutput))
#26 /Applications/XAMPP/xamppfiles/htdocs/TULUPRO/vendor/symfony/console/Application.php(248): Symfony\Component\Console\Application->doRunCommand(Object(Illuminate\Queue\Console\WorkCommand), Object(Symfony\Component\Console\Input\ArgvInput), Object(Symfony\Component\Console\Output\ConsoleOutput))
#27 /Applications/XAMPP/xamppfiles/htdocs/TULUPRO/vendor/symfony/console/Application.php(148): Symfony\Component\Console\Application->doRun(Object(Symfony\Component\Console\Input\ArgvInput), Object(Symfony\Component\Console\Output\ConsoleOutput))
#28 /Applications/XAMPP/xamppfiles/htdocs/TULUPRO/vendor/laravel/framework/src/Illuminate/Foundation/Console/Kernel.php(122): Symfony\Component\Console\Application->run(Object(Symfony\Component\Console\Input\ArgvInput), Object(Symfony\Component\Console\Output\ConsoleOutput))
#29 /Applications/XAMPP/xamppfiles/htdocs/TULUPRO/artisan(35): Illuminate\Foundation\Console\Kernel->handle(Object(Symfony\Component\Console\Input\ArgvInput), Object(Symfony\Component\Console\Output\ConsoleOutput))
#30 {main}  
[2018-08-02 19:42:09] local.ERROR: Intervention\Image\Exception\NotWritableException: Can't write image data to path (/Applications/XAMPP/xamppfiles/htdocs/TULUPRO/public/img/downloaded/1503078417.jpg) in /Applications/XAMPP/xamppfiles/htdocs/TULUPRO/vendor/intervention/image/src/Intervention/Image/Image.php:143
Stack trace:
#0 /Applications/XAMPP/xamppfiles/htdocs/TULUPRO/app/Jobs/DownloadImage.php(39): Intervention\Image\Image->save('/Applications/X...')
#1 [internal function]: App\Jobs\DownloadImage->handle()
#2 /Applications/XAMPP/xamppfiles/htdocs/TULUPRO/vendor/laravel/framework/src/Illuminate/Container/BoundMethod.php(29): call_user_func_array(Array, Array)
#3 /Applications/XAMPP/xamppfiles/htdocs/TULUPRO/vendor/laravel/framework/src/Illuminate/Container/BoundMethod.php(87): Illuminate\Container\BoundMethod::Illuminate\Container\{closure}()
#4 /Applications/XAMPP/xamppfiles/htdocs/TULUPRO/vendor/laravel/framework/src/Illuminate/Container/BoundMethod.php(31): Illuminate\Container\BoundMethod::callBoundMethod(Object(Illuminate\Foundation\Application), Array, Object(Closure))
#5 /Applications/XAMPP/xamppfiles/htdocs/TULUPRO/vendor/laravel/framework/src/Illuminate/Container/Container.php(539): Illuminate\Container\BoundMethod::call(Object(Illuminate\Foundation\Application), Array, Array, NULL)
#6 /Applications/XAMPP/xamppfiles/htdocs/TULUPRO/vendor/laravel/framework/src/Illuminate/Bus/Dispatcher.php(94): Illuminate\Container\Container->call(Array)
#7 /Applications/XAMPP/xamppfiles/htdocs/TULUPRO/vendor/laravel/framework/src/Illuminate/Pipeline/Pipeline.php(114): Illuminate\Bus\Dispatcher->Illuminate\Bus\{closure}(Object(App\Jobs\DownloadImage))
#8 /Applications/XAMPP/xamppfiles/htdocs/TULUPRO/vendor/laravel/framework/src/Illuminate/Pipeline/Pipeline.php(102): Illuminate\Pipeline\Pipeline->Illuminate\Pipeline\{closure}(Object(App\Jobs\DownloadImage))
#9 /Applications/XAMPP/xamppfiles/htdocs/TULUPRO/vendor/laravel/framework/src/Illuminate/Bus/Dispatcher.php(98): Illuminate\Pipeline\Pipeline->then(Object(Closure))
#10 /Applications/XAMPP/xamppfiles/htdocs/TULUPRO/vendor/laravel/framework/src/Illuminate/Queue/CallQueuedHandler.php(42): Illuminate\Bus\Dispatcher->dispatchNow(Object(App\Jobs\DownloadImage), false)
#11 /Applications/XAMPP/xamppfiles/htdocs/TULUPRO/vendor/laravel/framework/src/Illuminate/Queue/Jobs/Job.php(69): Illuminate\Queue\CallQueuedHandler->call(Object(Illuminate\Queue\Jobs\DatabaseJob), Array)
#12 /Applications/XAMPP/xamppfiles/htdocs/TULUPRO/vendor/laravel/framework/src/Illuminate/Queue/Worker.php(317): Illuminate\Queue\Jobs\Job->fire()
#13 /Applications/XAMPP/xamppfiles/htdocs/TULUPRO/vendor/laravel/framework/src/Illuminate/Queue/Worker.php(267): Illuminate\Queue\Worker->process('database', Object(Illuminate\Queue\Jobs\DatabaseJob), Object(Illuminate\Queue\WorkerOptions))
#14 /Applications/XAMPP/xamppfiles/htdocs/TULUPRO/vendor/laravel/framework/src/Illuminate/Queue/Worker.php(113): Illuminate\Queue\Worker->runJob(Object(Illuminate\Queue\Jobs\DatabaseJob), 'database', Object(Illuminate\Queue\WorkerOptions))
#15 /Applications/XAMPP/xamppfiles/htdocs/TULUPRO/vendor/laravel/framework/src/Illuminate/Queue/Console/WorkCommand.php(101): Illuminate\Queue\Worker->daemon('database', 'default', Object(Illuminate\Queue\WorkerOptions))
#16 /Applications/XAMPP/xamppfiles/htdocs/TULUPRO/vendor/laravel/framework/src/Illuminate/Queue/Console/WorkCommand.php(85): Illuminate\Queue\Console\WorkCommand->runWorker('database', 'default')
#17 [internal function]: Illuminate\Queue\Console\WorkCommand->fire()
#18 /Applications/XAMPP/xamppfiles/htdocs/TULUPRO/vendor/laravel/framework/src/Illuminate/Container/BoundMethod.php(29): call_user_func_array(Array, Array)
#19 /Applications/XAMPP/xamppfiles/htdocs/TULUPRO/vendor/laravel/framework/src/Illuminate/Container/BoundMethod.php(87): Illuminate\Container\BoundMethod::Illuminate\Container\{closure}()
#20 /Applications/XAMPP/xamppfiles/htdocs/TULUPRO/vendor/laravel/framework/src/Illuminate/Container/BoundMethod.php(31): Illuminate\Container\BoundMethod::callBoundMethod(Object(Illuminate\Foundation\Application), Array, Object(Closure))
#21 /Applications/XAMPP/xamppfiles/htdocs/TULUPRO/vendor/laravel/framework/src/Illuminate/Container/Container.php(539): Illuminate\Container\BoundMethod::call(Object(Illuminate\Foundation\Application), Array, Array, NULL)
#22 /Applications/XAMPP/xamppfiles/htdocs/TULUPRO/vendor/laravel/framework/src/Illuminate/Console/Command.php(182): Illuminate\Container\Container->call(Array)
#23 /Applications/XAMPP/xamppfiles/htdocs/TULUPRO/vendor/symfony/console/Command/Command.php(251): Illuminate\Console\Command->execute(Object(Symfony\Component\Console\Input\ArgvInput), Object(Illuminate\Console\OutputStyle))
#24 /Applications/XAMPP/xamppfiles/htdocs/TULUPRO/vendor/laravel/framework/src/Illuminate/Console/Command.php(167): Symfony\Component\Console\Command\Command->run(Object(Symfony\Component\Console\Input\ArgvInput), Object(Illuminate\Console\OutputStyle))
#25 /Applications/XAMPP/xamppfiles/htdocs/TULUPRO/vendor/symfony/console/Application.php(946): Illuminate\Console\Command->run(Object(Symfony\Component\Console\Input\ArgvInput), Object(Symfony\Component\Console\Output\ConsoleOutput))
#26 /Applications/XAMPP/xamppfiles/htdocs/TULUPRO/vendor/symfony/console/Application.php(248): Symfony\Component\Console\Application->doRunCommand(Object(Illuminate\Queue\Console\WorkCommand), Object(Symfony\Component\Console\Input\ArgvInput), Object(Symfony\Component\Console\Output\ConsoleOutput))
#27 /Applications/XAMPP/xamppfiles/htdocs/TULUPRO/vendor/symfony/console/Application.php(148): Symfony\Component\Console\Application->doRun(Object(Symfony\Component\Console\Input\ArgvInput), Object(Symfony\Component\Console\Output\ConsoleOutput))
#28 /Applications/XAMPP/xamppfiles/htdocs/TULUPRO/vendor/laravel/framework/src/Illuminate/Foundation/Console/Kernel.php(122): Symfony\Component\Console\Application->run(Object(Symfony\Component\Console\Input\ArgvInput), Object(Symfony\Component\Console\Output\ConsoleOutput))
#29 /Applications/XAMPP/xamppfiles/htdocs/TULUPRO/artisan(35): Illuminate\Foundation\Console\Kernel->handle(Object(Symfony\Component\Console\Input\ArgvInput), Object(Symfony\Component\Console\Output\ConsoleOutput))
#30 {main}  
[2018-08-02 19:42:09] local.ERROR: Intervention\Image\Exception\NotWritableException: Can't write image data to path (/Applications/XAMPP/xamppfiles/htdocs/TULUPRO/public/img/downloaded/1503078417.jpg) in /Applications/XAMPP/xamppfiles/htdocs/TULUPRO/vendor/intervention/image/src/Intervention/Image/Image.php:143
Stack trace:
#0 /Applications/XAMPP/xamppfiles/htdocs/TULUPRO/app/Jobs/DownloadImage.php(39): Intervention\Image\Image->save('/Applications/X...')
#1 [internal function]: App\Jobs\DownloadImage->handle()
#2 /Applications/XAMPP/xamppfiles/htdocs/TULUPRO/vendor/laravel/framework/src/Illuminate/Container/BoundMethod.php(29): call_user_func_array(Array, Array)
#3 /Applications/XAMPP/xamppfiles/htdocs/TULUPRO/vendor/laravel/framework/src/Illuminate/Container/BoundMethod.php(87): Illuminate\Container\BoundMethod::Illuminate\Container\{closure}()
#4 /Applications/XAMPP/xamppfiles/htdocs/TULUPRO/vendor/laravel/framework/src/Illuminate/Container/BoundMethod.php(31): Illuminate\Container\BoundMethod::callBoundMethod(Object(Illuminate\Foundation\Application), Array, Object(Closure))
#5 /Applications/XAMPP/xamppfiles/htdocs/TULUPRO/vendor/laravel/framework/src/Illuminate/Container/Container.php(539): Illuminate\Container\BoundMethod::call(Object(Illuminate\Foundation\Application), Array, Array, NULL)
#6 /Applications/XAMPP/xamppfiles/htdocs/TULUPRO/vendor/laravel/framework/src/Illuminate/Bus/Dispatcher.php(94): Illuminate\Container\Container->call(Array)
#7 /Applications/XAMPP/xamppfiles/htdocs/TULUPRO/vendor/laravel/framework/src/Illuminate/Pipeline/Pipeline.php(114): Illuminate\Bus\Dispatcher->Illuminate\Bus\{closure}(Object(App\Jobs\DownloadImage))
#8 /Applications/XAMPP/xamppfiles/htdocs/TULUPRO/vendor/laravel/framework/src/Illuminate/Pipeline/Pipeline.php(102): Illuminate\Pipeline\Pipeline->Illuminate\Pipeline\{closure}(Object(App\Jobs\DownloadImage))
#9 /Applications/XAMPP/xamppfiles/htdocs/TULUPRO/vendor/laravel/framework/src/Illuminate/Bus/Dispatcher.php(98): Illuminate\Pipeline\Pipeline->then(Object(Closure))
#10 /Applications/XAMPP/xamppfiles/htdocs/TULUPRO/vendor/laravel/framework/src/Illuminate/Queue/CallQueuedHandler.php(42): Illuminate\Bus\Dispatcher->dispatchNow(Object(App\Jobs\DownloadImage), false)
#11 /Applications/XAMPP/xamppfiles/htdocs/TULUPRO/vendor/laravel/framework/src/Illuminate/Queue/Jobs/Job.php(69): Illuminate\Queue\CallQueuedHandler->call(Object(Illuminate\Queue\Jobs\DatabaseJob), Array)
#12 /Applications/XAMPP/xamppfiles/htdocs/TULUPRO/vendor/laravel/framework/src/Illuminate/Queue/Worker.php(317): Illuminate\Queue\Jobs\Job->fire()
#13 /Applications/XAMPP/xamppfiles/htdocs/TULUPRO/vendor/laravel/framework/src/Illuminate/Queue/Worker.php(267): Illuminate\Queue\Worker->process('database', Object(Illuminate\Queue\Jobs\DatabaseJob), Object(Illuminate\Queue\WorkerOptions))
#14 /Applications/XAMPP/xamppfiles/htdocs/TULUPRO/vendor/laravel/framework/src/Illuminate/Queue/Worker.php(113): Illuminate\Queue\Worker->runJob(Object(Illuminate\Queue\Jobs\DatabaseJob), 'database', Object(Illuminate\Queue\WorkerOptions))
#15 /Applications/XAMPP/xamppfiles/htdocs/TULUPRO/vendor/laravel/framework/src/Illuminate/Queue/Console/WorkCommand.php(101): Illuminate\Queue\Worker->daemon('database', 'default', Object(Illuminate\Queue\WorkerOptions))
#16 /Applications/XAMPP/xamppfiles/htdocs/TULUPRO/vendor/laravel/framework/src/Illuminate/Queue/Console/WorkCommand.php(85): Illuminate\Queue\Console\WorkCommand->runWorker('database', 'default')
#17 [internal function]: Illuminate\Queue\Console\WorkCommand->fire()
#18 /Applications/XAMPP/xamppfiles/htdocs/TULUPRO/vendor/laravel/framework/src/Illuminate/Container/BoundMethod.php(29): call_user_func_array(Array, Array)
#19 /Applications/XAMPP/xamppfiles/htdocs/TULUPRO/vendor/laravel/framework/src/Illuminate/Container/BoundMethod.php(87): Illuminate\Container\BoundMethod::Illuminate\Container\{closure}()
#20 /Applications/XAMPP/xamppfiles/htdocs/TULUPRO/vendor/laravel/framework/src/Illuminate/Container/BoundMethod.php(31): Illuminate\Container\BoundMethod::callBoundMethod(Object(Illuminate\Foundation\Application), Array, Object(Closure))
#21 /Applications/XAMPP/xamppfiles/htdocs/TULUPRO/vendor/laravel/framework/src/Illuminate/Container/Container.php(539): Illuminate\Container\BoundMethod::call(Object(Illuminate\Foundation\Application), Array, Array, NULL)
#22 /Applications/XAMPP/xamppfiles/htdocs/TULUPRO/vendor/laravel/framework/src/Illuminate/Console/Command.php(182): Illuminate\Container\Container->call(Array)
#23 /Applications/XAMPP/xamppfiles/htdocs/TULUPRO/vendor/symfony/console/Command/Command.php(251): Illuminate\Console\Command->execute(Object(Symfony\Component\Console\Input\ArgvInput), Object(Illuminate\Console\OutputStyle))
#24 /Applications/XAMPP/xamppfiles/htdocs/TULUPRO/vendor/laravel/framework/src/Illuminate/Console/Command.php(167): Symfony\Component\Console\Command\Command->run(Object(Symfony\Component\Console\Input\ArgvInput), Object(Illuminate\Console\OutputStyle))
#25 /Applications/XAMPP/xamppfiles/htdocs/TULUPRO/vendor/symfony/console/Application.php(946): Illuminate\Console\Command->run(Object(Symfony\Component\Console\Input\ArgvInput), Object(Symfony\Component\Console\Output\ConsoleOutput))
#26 /Applications/XAMPP/xamppfiles/htdocs/TULUPRO/vendor/symfony/console/Application.php(248): Symfony\Component\Console\Application->doRunCommand(Object(Illuminate\Queue\Console\WorkCommand), Object(Symfony\Component\Console\Input\ArgvInput), Object(Symfony\Component\Console\Output\ConsoleOutput))
#27 /Applications/XAMPP/xamppfiles/htdocs/TULUPRO/vendor/symfony/console/Application.php(148): Symfony\Component\Console\Application->doRun(Object(Symfony\Component\Console\Input\ArgvInput), Object(Symfony\Component\Console\Output\ConsoleOutput))
#28 /Applications/XAMPP/xamppfiles/htdocs/TULUPRO/vendor/laravel/framework/src/Illuminate/Foundation/Console/Kernel.php(122): Symfony\Component\Console\Application->run(Object(Symfony\Component\Console\Input\ArgvInput), Object(Symfony\Component\Console\Output\ConsoleOutput))
#29 /Applications/XAMPP/xamppfiles/htdocs/TULUPRO/artisan(35): Illuminate\Foundation\Console\Kernel->handle(Object(Symfony\Component\Console\Input\ArgvInput), Object(Symfony\Component\Console\Output\ConsoleOutput))
#30 {main}  
